  [1m[36m (1.0ms)[0m  [1mCREATE TABLE "schema_migrations" ("version" varchar NOT NULL) [0m
  [1m[35m (0.1ms)[0m  select sqlite_version(*)
  [1m[36m (0.7ms)[0m  [1mCREATE UNIQUE INDEX "unique_schema_migrations" ON "schema_migrations" ("version")[0m
  [1m[35mActiveRecord::SchemaMigration Load (0.1ms)[0m  SELECT "schema_migrations".* FROM "schema_migrations"
Migrating to CreatePosts (20140310213347)
  [1m[36m (0.1ms)[0m  [1mbegin transaction[0m
  [1m[35m (0.6ms)[0m  CREATE TABLE "posts" ("id" INTEGER PRIMARY KEY AUTOINCREMENT NOT NULL, "name" varchar, "created_at" datetime NOT NULL, "updated_at" datetime NOT NULL) 
  [1m[36mSQL (0.2ms)[0m  [1mINSERT INTO "schema_migrations" ("version") VALUES (?)[0m  [["version", "20140310213347"]]
  [1m[35m (0.6ms)[0m  commit transaction
  [1m[36mActiveRecord::SchemaMigration Load (0.1ms)[0m  [1mSELECT "schema_migrations".* FROM "schema_migrations"[0m
  [1m[36mActiveRecord::SchemaMigration Load (0.1ms)[0m  [1mSELECT "schema_migrations".* FROM "schema_migrations"[0m
Migrating to AddContentToPosts (20150831192638)
  [1m[35m (0.1ms)[0m  begin transaction
  [1m[36mSQL (0.4ms)[0m  [1mINSERT INTO "schema_migrations" ("version") VALUES (?)[0m  [["version", "20150831192638"]]
  [1m[35m (1.4ms)[0m  commit transaction
Migrating to CreateUsers (20150831192658)
  [1m[36m (0.1ms)[0m  [1mbegin transaction[0m
  [1m[35m (0.4ms)[0m  CREATE TABLE "users" ("id" INTEGER PRIMARY KEY AUTOINCREMENT NOT NULL, "created_at" datetime NOT NULL, "updated_at" datetime NOT NULL) 
  [1m[36mSQL (0.1ms)[0m  [1mINSERT INTO "schema_migrations" ("version") VALUES (?)[0m  [["version", "20150831192658"]]
  [1m[35m (0.5ms)[0m  commit transaction
Migrating to CreateTags (20150831192710)
  [1m[36m (0.1ms)[0m  [1mbegin transaction[0m
  [1m[35m (0.4ms)[0m  CREATE TABLE "tags" ("id" INTEGER PRIMARY KEY AUTOINCREMENT NOT NULL, "created_at" datetime NOT NULL, "updated_at" datetime NOT NULL) 
  [1m[36mSQL (0.2ms)[0m  [1mINSERT INTO "schema_migrations" ("version") VALUES (?)[0m  [["version", "20150831192710"]]
  [1m[35m (0.8ms)[0m  commit transaction
Migrating to AddNameToUsers (20150831192914)
  [1m[36m (0.1ms)[0m  [1mbegin transaction[0m
  [1m[35m (0.7ms)[0m  ALTER TABLE "users" ADD "name" varchar
  [1m[36mSQL (0.3ms)[0m  [1mINSERT INTO "schema_migrations" ("version") VALUES (?)[0m  [["version", "20150831192914"]]
  [1m[35m (1.4ms)[0m  commit transaction
Migrating to AddNameToTags (20150831192928)
  [1m[36m (0.1ms)[0m  [1mbegin transaction[0m
  [1m[35m (0.5ms)[0m  ALTER TABLE "tags" ADD "name" varchar
  [1m[36mSQL (0.6ms)[0m  [1mINSERT INTO "schema_migrations" ("version") VALUES (?)[0m  [["version", "20150831192928"]]
  [1m[35m (0.7ms)[0m  commit transaction
  [1m[36mActiveRecord::SchemaMigration Load (0.1ms)[0m  [1mSELECT "schema_migrations".* FROM "schema_migrations"[0m
  [1m[36m (1.8ms)[0m  [1mCREATE TABLE "schema_migrations" ("version" varchar NOT NULL) [0m
  [1m[35m (0.1ms)[0m  select sqlite_version(*)
  [1m[36m (0.7ms)[0m  [1mCREATE UNIQUE INDEX "unique_schema_migrations" ON "schema_migrations" ("version")[0m
  [1m[35mActiveRecord::SchemaMigration Load (0.1ms)[0m  SELECT "schema_migrations".* FROM "schema_migrations"
  [1m[36mActiveRecord::SchemaMigration Load (0.1ms)[0m  [1mSELECT "schema_migrations".* FROM "schema_migrations"[0m
  [1m[36mActiveRecord::SchemaMigration Load (0.1ms)[0m  [1mSELECT "schema_migrations".* FROM "schema_migrations"[0m
  [1m[35mActiveRecord::SchemaMigration Load (0.1ms)[0m  SELECT "schema_migrations".* FROM "schema_migrations"
  [1m[36mActiveRecord::SchemaMigration Load (0.1ms)[0m  [1mSELECT "schema_migrations".* FROM "schema_migrations"[0m
Migrating to CreatePosts (20140310213347)
  [1m[35m (0.1ms)[0m  begin transaction
  [1m[36m (0.6ms)[0m  [1mCREATE TABLE "posts" ("id" INTEGER PRIMARY KEY AUTOINCREMENT NOT NULL, "name" varchar, "created_at" datetime NOT NULL, "updated_at" datetime NOT NULL) [0m
  [1m[35mSQL (0.3ms)[0m  INSERT INTO "schema_migrations" ("version") VALUES (?)  [["version", "20140310213347"]]
  [1m[36m (1.4ms)[0m  [1mcommit transaction[0m
Migrating to CreateUsers (20150831192658)
  [1m[35m (0.2ms)[0m  begin transaction
  [1m[36m (0.9ms)[0m  [1mCREATE TABLE "users" ("id" INTEGER PRIMARY KEY AUTOINCREMENT NOT NULL, "created_at" datetime NOT NULL, "updated_at" datetime NOT NULL) [0m
  [1m[35mSQL (0.2ms)[0m  INSERT INTO "schema_migrations" ("version") VALUES (?)  [["version", "20150831192658"]]
  [1m[36m (1.0ms)[0m  [1mcommit transaction[0m
Migrating to CreateTags (20150831192710)
  [1m[35m (0.1ms)[0m  begin transaction
  [1m[36m (0.4ms)[0m  [1mCREATE TABLE "tags" ("id" INTEGER PRIMARY KEY AUTOINCREMENT NOT NULL, "created_at" datetime NOT NULL, "updated_at" datetime NOT NULL) [0m
  [1m[35mSQL (0.4ms)[0m  INSERT INTO "schema_migrations" ("version") VALUES (?)  [["version", "20150831192710"]]
  [1m[36m (0.9ms)[0m  [1mcommit transaction[0m
Migrating to AddNameToUsers (20150831192914)
  [1m[35m (0.1ms)[0m  begin transaction
  [1m[36m (1.4ms)[0m  [1mALTER TABLE "users" ADD "name" varchar[0m
  [1m[35mSQL (0.3ms)[0m  INSERT INTO "schema_migrations" ("version") VALUES (?)  [["version", "20150831192914"]]
  [1m[36m (1.1ms)[0m  [1mcommit transaction[0m
Migrating to AddNameToTags (20150831192928)
  [1m[35m (0.2ms)[0m  begin transaction
  [1m[36m (0.9ms)[0m  [1mALTER TABLE "tags" ADD "name" varchar[0m
  [1m[35mSQL (0.5ms)[0m  INSERT INTO "schema_migrations" ("version") VALUES (?)  [["version", "20150831192928"]]
  [1m[36m (1.6ms)[0m  [1mcommit transaction[0m
Migrating to AddContentToPosts (20150831194138)
  [1m[35m (0.1ms)[0m  begin transaction
  [1m[36m (0.7ms)[0m  [1mALTER TABLE "posts" ADD "content" text[0m
  [1m[35mSQL (0.4ms)[0m  INSERT INTO "schema_migrations" ("version") VALUES (?)  [["version", "20150831194138"]]
  [1m[36m (1.2ms)[0m  [1mcommit transaction[0m
Migrating to CreatePostTags (20150831195925)
  [1m[35m (0.2ms)[0m  begin transaction
  [1m[36m (0.5ms)[0m  [1mCREATE TABLE "post_tags" ("id" INTEGER PRIMARY KEY AUTOINCREMENT NOT NULL, "post_id" integer, "tag_id" integer, "created_at" datetime NOT NULL, "updated_at" datetime NOT NULL) [0m
  [1m[35mSQL (0.2ms)[0m  INSERT INTO "schema_migrations" ("version") VALUES (?)  [["version", "20150831195925"]]
  [1m[36m (0.8ms)[0m  [1mcommit transaction[0m
  [1m[35mActiveRecord::SchemaMigration Load (0.3ms)[0m  SELECT "schema_migrations".* FROM "schema_migrations"
  [1m[36mActiveRecord::SchemaMigration Load (0.1ms)[0m  [1mSELECT "schema_migrations".* FROM "schema_migrations"[0m
Migrating to AddUserToPosts (20150831200658)
  [1m[35m (0.1ms)[0m  begin transaction
  [1m[36m (0.6ms)[0m  [1mALTER TABLE "posts" ADD "user_id" integer[0m
  [1m[35mSQL (0.2ms)[0m  INSERT INTO "schema_migrations" ("version") VALUES (?)  [["version", "20150831200658"]]
  [1m[36m (1.4ms)[0m  [1mcommit transaction[0m
  [1m[35mActiveRecord::SchemaMigration Load (0.2ms)[0m  SELECT "schema_migrations".* FROM "schema_migrations"
  [1m[36mActiveRecord::SchemaMigration Load (0.3ms)[0m  [1mSELECT "schema_migrations".* FROM "schema_migrations"[0m
Migrating to AddContentToPosts (20150831213827)
  [1m[35m (0.1ms)[0m  begin transaction
  [1m[36m (0.4ms)[0m  [1mALTER TABLE "posts" ADD "content" text[0m
SQLite3::SQLException: duplicate column name: content: ALTER TABLE "posts" ADD "content" text
  [1m[35m (0.1ms)[0m  rollback transaction
  [1m[36mActiveRecord::SchemaMigration Load (0.1ms)[0m  [1mSELECT "schema_migrations".* FROM "schema_migrations"[0m
  [1m[35mActiveRecord::SchemaMigration Load (0.1ms)[0m  SELECT "schema_migrations".* FROM "schema_migrations"
  [1m[36mActiveRecord::SchemaMigration Load (0.1ms)[0m  [1mSELECT "schema_migrations".* FROM "schema_migrations"[0m
Migrating to AddContentToPosts (20150831213827)
  [1m[35m (0.1ms)[0m  begin transaction
  [1m[36m (0.5ms)[0m  [1mALTER TABLE "posts" ADD "content" text[0m
SQLite3::SQLException: duplicate column name: content: ALTER TABLE "posts" ADD "content" text
  [1m[35m (0.1ms)[0m  rollback transaction
  [1m[36mActiveRecord::SchemaMigration Load (0.1ms)[0m  [1mSELECT "schema_migrations".* FROM "schema_migrations"[0m
Migrating to AddContentToPosts (20150831213827)
  [1m[35m (0.1ms)[0m  begin transaction
  [1m[36m (0.5ms)[0m  [1mALTER TABLE "posts" ADD "content" text[0m
SQLite3::SQLException: duplicate column name: content: ALTER TABLE "posts" ADD "content" text
  [1m[35m (0.1ms)[0m  rollback transaction
  [1m[36m (0.1ms)[0m  [1mSELECT "schema_migrations"."version" FROM "schema_migrations"[0m
  [1m[36m (2.6ms)[0m  [1mCREATE TABLE "schema_migrations" ("version" varchar NOT NULL) [0m
  [1m[35m (0.1ms)[0m  select sqlite_version(*)
  [1m[36m (0.8ms)[0m  [1mCREATE UNIQUE INDEX "unique_schema_migrations" ON "schema_migrations" ("version")[0m
  [1m[35mActiveRecord::SchemaMigration Load (0.1ms)[0m  SELECT "schema_migrations".* FROM "schema_migrations"
Migrating to CreatePosts (20140310213347)
  [1m[36m (0.1ms)[0m  [1mbegin transaction[0m
  [1m[35m (0.9ms)[0m  CREATE TABLE "posts" ("id" INTEGER PRIMARY KEY AUTOINCREMENT NOT NULL, "name" varchar, "created_at" datetime NOT NULL, "updated_at" datetime NOT NULL) 
  [1m[36mSQL (0.2ms)[0m  [1mINSERT INTO "schema_migrations" ("version") VALUES (?)[0m  [["version", "20140310213347"]]
  [1m[35m (0.6ms)[0m  commit transaction
Migrating to AddContentToPosts (20150831213827)
  [1m[36m (0.1ms)[0m  [1mbegin transaction[0m
  [1m[35m (0.6ms)[0m  ALTER TABLE "posts" ADD "content" text
  [1m[36mSQL (0.2ms)[0m  [1mINSERT INTO "schema_migrations" ("version") VALUES (?)[0m  [["version", "20150831213827"]]
  [1m[35m (1.1ms)[0m  commit transaction
Migrating to CreateUsers (20150831213918)
  [1m[36m (0.1ms)[0m  [1mbegin transaction[0m
  [1m[35m (0.5ms)[0m  CREATE TABLE "users" ("id" INTEGER PRIMARY KEY AUTOINCREMENT NOT NULL, "name" varchar, "created_at" datetime NOT NULL, "updated_at" datetime NOT NULL) 
  [1m[36mSQL (0.1ms)[0m  [1mINSERT INTO "schema_migrations" ("version") VALUES (?)[0m  [["version", "20150831213918"]]
  [1m[35m (0.7ms)[0m  commit transaction
Migrating to CreateTags (20150831213928)
  [1m[36m (0.1ms)[0m  [1mbegin transaction[0m
  [1m[35m (0.4ms)[0m  CREATE TABLE "tags" ("id" INTEGER PRIMARY KEY AUTOINCREMENT NOT NULL, "name" varchar, "created_at" datetime NOT NULL, "updated_at" datetime NOT NULL) 
  [1m[36mSQL (0.1ms)[0m  [1mINSERT INTO "schema_migrations" ("version") VALUES (?)[0m  [["version", "20150831213928"]]
  [1m[35m (0.7ms)[0m  commit transaction
  [1m[36mActiveRecord::SchemaMigration Load (0.2ms)[0m  [1mSELECT "schema_migrations".* FROM "schema_migrations"[0m
  [1m[36mActiveRecord::SchemaMigration Load (0.1ms)[0m  [1mSELECT "schema_migrations".* FROM "schema_migrations"[0m
Migrating to CreatePostTags (20150831214651)
  [1m[35m (0.1ms)[0m  begin transaction
  [1m[36m (0.6ms)[0m  [1mCREATE TABLE "post_tags" ("id" INTEGER PRIMARY KEY AUTOINCREMENT NOT NULL, "posts_id" integer, "tags_id" integer, "created_at" datetime NOT NULL, "updated_at" datetime NOT NULL) [0m
  [1m[35m (0.1ms)[0m  select sqlite_version(*)
  [1m[36m (0.1ms)[0m  [1mCREATE  INDEX "index_post_tags_on_posts_id" ON "post_tags" ("posts_id")[0m
  [1m[35m (0.2ms)[0m              SELECT sql
            FROM sqlite_master
            WHERE name='index_post_tags_on_posts_id' AND type='index'
            UNION ALL
            SELECT sql
            FROM sqlite_temp_master
            WHERE name='index_post_tags_on_posts_id' AND type='index'

  [1m[36m (0.1ms)[0m  [1mCREATE  INDEX "index_post_tags_on_tags_id" ON "post_tags" ("tags_id")[0m
  [1m[35mSQL (0.2ms)[0m  INSERT INTO "schema_migrations" ("version") VALUES (?)  [["version", "20150831214651"]]
  [1m[36m (1.6ms)[0m  [1mcommit transaction[0m
  [1m[35mActiveRecord::SchemaMigration Load (0.1ms)[0m  SELECT "schema_migrations".* FROM "schema_migrations"
  [1m[36m (0.1ms)[0m  [1m            SELECT sql
            FROM sqlite_master
            WHERE name='index_post_tags_on_tags_id' AND type='index'
            UNION ALL
            SELECT sql
            FROM sqlite_temp_master
            WHERE name='index_post_tags_on_tags_id' AND type='index'
[0m
  [1m[35m (0.1ms)[0m              SELECT sql
            FROM sqlite_master
            WHERE name='index_post_tags_on_posts_id' AND type='index'
            UNION ALL
            SELECT sql
            FROM sqlite_temp_master
            WHERE name='index_post_tags_on_posts_id' AND type='index'

  [1m[36mActiveRecord::SchemaMigration Load (0.1ms)[0m  [1mSELECT "schema_migrations".* FROM "schema_migrations"[0m
Migrating to AddUserToPosts (20150831214858)
  [1m[35m (0.1ms)[0m  begin transaction
  [1m[36m (0.5ms)[0m  [1mALTER TABLE "posts" ADD "users_id" integer[0m
  [1m[35m (0.1ms)[0m  select sqlite_version(*)
  [1m[36m (0.2ms)[0m  [1mCREATE  INDEX "index_posts_on_users_id" ON "posts" ("users_id")[0m
  [1m[35mSQL (0.2ms)[0m  INSERT INTO "schema_migrations" ("version") VALUES (?)  [["version", "20150831214858"]]
  [1m[36m (1.9ms)[0m  [1mcommit transaction[0m
  [1m[35mActiveRecord::SchemaMigration Load (0.1ms)[0m  SELECT "schema_migrations".* FROM "schema_migrations"
  [1m[36m (0.2ms)[0m  [1m            SELECT sql
            FROM sqlite_master
            WHERE name='index_post_tags_on_tags_id' AND type='index'
            UNION ALL
            SELECT sql
            FROM sqlite_temp_master
            WHERE name='index_post_tags_on_tags_id' AND type='index'
[0m
  [1m[35m (0.1ms)[0m              SELECT sql
            FROM sqlite_master
            WHERE name='index_post_tags_on_posts_id' AND type='index'
            UNION ALL
            SELECT sql
            FROM sqlite_temp_master
            WHERE name='index_post_tags_on_posts_id' AND type='index'

  [1m[36m (0.1ms)[0m  [1m            SELECT sql
            FROM sqlite_master
            WHERE name='index_posts_on_users_id' AND type='index'
            UNION ALL
            SELECT sql
            FROM sqlite_temp_master
            WHERE name='index_posts_on_users_id' AND type='index'
[0m
  [1m[36mActiveRecord::SchemaMigration Load (0.1ms)[0m  [1mSELECT "schema_migrations".* FROM "schema_migrations"[0m
Migrating to AddUserToPosts (20150831220050)
  [1m[35m (0.1ms)[0m  begin transaction
  [1m[36m (0.5ms)[0m  [1mALTER TABLE "posts" ADD "user_id" integer[0m
  [1m[35m (0.1ms)[0m  select sqlite_version(*)
  [1m[36m (0.1ms)[0m  [1m            SELECT sql
            FROM sqlite_master
            WHERE name='index_posts_on_users_id' AND type='index'
            UNION ALL
            SELECT sql
            FROM sqlite_temp_master
            WHERE name='index_posts_on_users_id' AND type='index'
[0m
  [1m[35m (0.1ms)[0m  CREATE  INDEX "index_posts_on_user_id" ON "posts" ("user_id")
  [1m[36mSQL (0.2ms)[0m  [1mINSERT INTO "schema_migrations" ("version") VALUES (?)[0m  [["version", "20150831220050"]]
  [1m[35m (0.6ms)[0m  commit transaction
  [1m[36mActiveRecord::SchemaMigration Load (0.2ms)[0m  [1mSELECT "schema_migrations".* FROM "schema_migrations"[0m
  [1m[35m (0.1ms)[0m              SELECT sql
            FROM sqlite_master
            WHERE name='index_post_tags_on_tags_id' AND type='index'
            UNION ALL
            SELECT sql
            FROM sqlite_temp_master
            WHERE name='index_post_tags_on_tags_id' AND type='index'

  [1m[36m (0.1ms)[0m  [1m            SELECT sql
            FROM sqlite_master
            WHERE name='index_post_tags_on_posts_id' AND type='index'
            UNION ALL
            SELECT sql
            FROM sqlite_temp_master
            WHERE name='index_post_tags_on_posts_id' AND type='index'
[0m
  [1m[35m (0.1ms)[0m              SELECT sql
            FROM sqlite_master
            WHERE name='index_posts_on_user_id' AND type='index'
            UNION ALL
            SELECT sql
            FROM sqlite_temp_master
            WHERE name='index_posts_on_user_id' AND type='index'

  [1m[36m (0.1ms)[0m  [1m            SELECT sql
            FROM sqlite_master
            WHERE name='index_posts_on_users_id' AND type='index'
            UNION ALL
            SELECT sql
            FROM sqlite_temp_master
            WHERE name='index_posts_on_users_id' AND type='index'
[0m
  [1m[36mActiveRecord::SchemaMigration Load (0.1ms)[0m  [1mSELECT "schema_migrations".* FROM "schema_migrations"[0m
Migrating to CreatePostTags (20150831220325)
  [1m[35m (0.1ms)[0m  begin transaction
  [1m[36m (0.5ms)[0m  [1mCREATE TABLE "post_tags" ("id" INTEGER PRIMARY KEY AUTOINCREMENT NOT NULL, "tag_id" integer, "post_id" integer) [0m
SQLite3::SQLException: table "post_tags" already exists: CREATE TABLE "post_tags" ("id" INTEGER PRIMARY KEY AUTOINCREMENT NOT NULL, "tag_id" integer, "post_id" integer) 
  [1m[35m (0.0ms)[0m  rollback transaction
  [1m[36m (1.6ms)[0m  [1mCREATE TABLE "schema_migrations" ("version" varchar NOT NULL) [0m
  [1m[35m (0.1ms)[0m  select sqlite_version(*)
  [1m[36m (0.7ms)[0m  [1mCREATE UNIQUE INDEX "unique_schema_migrations" ON "schema_migrations" ("version")[0m
  [1m[35mActiveRecord::SchemaMigration Load (0.1ms)[0m  SELECT "schema_migrations".* FROM "schema_migrations"
Migrating to CreatePosts (20140310213347)
  [1m[36m (0.1ms)[0m  [1mbegin transaction[0m
  [1m[35m (0.7ms)[0m  CREATE TABLE "posts" ("id" INTEGER PRIMARY KEY AUTOINCREMENT NOT NULL, "name" varchar, "created_at" datetime NOT NULL, "updated_at" datetime NOT NULL) 
  [1m[36mSQL (0.3ms)[0m  [1mINSERT INTO "schema_migrations" ("version") VALUES (?)[0m  [["version", "20140310213347"]]
  [1m[35m (1.0ms)[0m  commit transaction
Migrating to AddContentToPosts (20150831213827)
  [1m[36m (0.1ms)[0m  [1mbegin transaction[0m
  [1m[35m (0.7ms)[0m  ALTER TABLE "posts" ADD "content" text
  [1m[36mSQL (0.5ms)[0m  [1mINSERT INTO "schema_migrations" ("version") VALUES (?)[0m  [["version", "20150831213827"]]
  [1m[35m (0.9ms)[0m  commit transaction
Migrating to CreateUsers (20150831213918)
  [1m[36m (0.1ms)[0m  [1mbegin transaction[0m
  [1m[35m (0.4ms)[0m  CREATE TABLE "users" ("id" INTEGER PRIMARY KEY AUTOINCREMENT NOT NULL, "name" varchar, "created_at" datetime NOT NULL, "updated_at" datetime NOT NULL) 
  [1m[36mSQL (0.1ms)[0m  [1mINSERT INTO "schema_migrations" ("version") VALUES (?)[0m  [["version", "20150831213918"]]
  [1m[35m (0.6ms)[0m  commit transaction
Migrating to CreateTags (20150831213928)
  [1m[36m (0.1ms)[0m  [1mbegin transaction[0m
  [1m[35m (0.5ms)[0m  CREATE TABLE "tags" ("id" INTEGER PRIMARY KEY AUTOINCREMENT NOT NULL, "name" varchar, "created_at" datetime NOT NULL, "updated_at" datetime NOT NULL) 
  [1m[36mSQL (0.2ms)[0m  [1mINSERT INTO "schema_migrations" ("version") VALUES (?)[0m  [["version", "20150831213928"]]
  [1m[35m (1.0ms)[0m  commit transaction
Migrating to AddUserToPosts (20150831220050)
  [1m[36m (0.1ms)[0m  [1mbegin transaction[0m
  [1m[35m (0.5ms)[0m  ALTER TABLE "posts" ADD "user_id" integer
  [1m[36m (0.1ms)[0m  [1mCREATE  INDEX "index_posts_on_user_id" ON "posts" ("user_id")[0m
  [1m[35mSQL (0.1ms)[0m  INSERT INTO "schema_migrations" ("version") VALUES (?)  [["version", "20150831220050"]]
  [1m[36m (1.0ms)[0m  [1mcommit transaction[0m
Migrating to CreatePostTags (20150831220325)
  [1m[35m (0.2ms)[0m  begin transaction
  [1m[36m (0.6ms)[0m  [1mCREATE TABLE "post_tags" ("id" INTEGER PRIMARY KEY AUTOINCREMENT NOT NULL, "tag_id" integer, "post_id" integer) [0m
  [1m[35m (0.1ms)[0m  CREATE  INDEX "index_post_tags_on_tag_id" ON "post_tags" ("tag_id")
  [1m[36m (0.4ms)[0m  [1m            SELECT sql
            FROM sqlite_master
            WHERE name='index_post_tags_on_tag_id' AND type='index'
            UNION ALL
            SELECT sql
            FROM sqlite_temp_master
            WHERE name='index_post_tags_on_tag_id' AND type='index'
[0m
  [1m[35m (0.3ms)[0m  CREATE  INDEX "index_post_tags_on_post_id" ON "post_tags" ("post_id")
  [1m[36mSQL (0.2ms)[0m  [1mINSERT INTO "schema_migrations" ("version") VALUES (?)[0m  [["version", "20150831220325"]]
  [1m[35m (0.6ms)[0m  commit transaction
  [1m[36mActiveRecord::SchemaMigration Load (0.2ms)[0m  [1mSELECT "schema_migrations".* FROM "schema_migrations"[0m
  [1m[35m (0.2ms)[0m              SELECT sql
            FROM sqlite_master
            WHERE name='index_post_tags_on_post_id' AND type='index'
            UNION ALL
            SELECT sql
            FROM sqlite_temp_master
            WHERE name='index_post_tags_on_post_id' AND type='index'

  [1m[36m (0.1ms)[0m  [1m            SELECT sql
            FROM sqlite_master
            WHERE name='index_post_tags_on_tag_id' AND type='index'
            UNION ALL
            SELECT sql
            FROM sqlite_temp_master
            WHERE name='index_post_tags_on_tag_id' AND type='index'
[0m
  [1m[35m (0.3ms)[0m              SELECT sql
            FROM sqlite_master
            WHERE name='index_posts_on_user_id' AND type='index'
            UNION ALL
            SELECT sql
            FROM sqlite_temp_master
            WHERE name='index_posts_on_user_id' AND type='index'



Started GET "/" for ::1 at 2015-08-31 18:31:33 -0400
  [1m[36mActiveRecord::SchemaMigration Load (0.1ms)[0m  [1mSELECT "schema_migrations".* FROM "schema_migrations"[0m
Processing by Rails::WelcomeController#index as HTML
  Rendered /Users/Niki/.rvm/gems/ruby-2.2.2/gems/railties-4.2.0/lib/rails/templates/rails/welcome/index.html.erb (1.8ms)
Completed 200 OK in 12ms (Views: 11.5ms | ActiveRecord: 0.0ms)


Started GET "/new" for ::1 at 2015-08-31 18:31:57 -0400

ActionController::RoutingError (No route matches [GET] "/new"):
  actionpack (4.2.0) lib/action_dispatch/middleware/debug_exceptions.rb:21:in `call'
  actionpack (4.2.0) lib/action_dispatch/middleware/show_exceptions.rb:30:in `call'
  railties (4.2.0) lib/rails/rack/logger.rb:38:in `call_app'
  railties (4.2.0) lib/rails/rack/logger.rb:20:in `block in call'
  activesupport (4.2.0) lib/active_support/tagged_logging.rb:68:in `block in tagged'
  activesupport (4.2.0) lib/active_support/tagged_logging.rb:26:in `tagged'
  activesupport (4.2.0) lib/active_support/tagged_logging.rb:68:in `tagged'
  railties (4.2.0) lib/rails/rack/logger.rb:20:in `call'
  actionpack (4.2.0) lib/action_dispatch/middleware/request_id.rb:21:in `call'
  rack (1.6.0) lib/rack/methodoverride.rb:22:in `call'
  rack (1.6.0) lib/rack/runtime.rb:18:in `call'
  activesupport (4.2.0) lib/active_support/cache/strategy/local_cache_middleware.rb:28:in `call'
  rack (1.6.0) lib/rack/lock.rb:17:in `call'
  actionpack (4.2.0) lib/action_dispatch/middleware/static.rb:113:in `call'
  rack (1.6.0) lib/rack/sendfile.rb:113:in `call'
  railties (4.2.0) lib/rails/engine.rb:518:in `call'
  railties (4.2.0) lib/rails/application.rb:164:in `call'
  rack (1.6.0) lib/rack/lock.rb:17:in `call'
  rack (1.6.0) lib/rack/content_length.rb:15:in `call'
  rack (1.6.0) lib/rack/handler/webrick.rb:89:in `service'
  /Users/Niki/.rvm/rubies/ruby-2.2.2/lib/ruby/2.2.0/webrick/httpserver.rb:138:in `service'
  /Users/Niki/.rvm/rubies/ruby-2.2.2/lib/ruby/2.2.0/webrick/httpserver.rb:94:in `run'
  /Users/Niki/.rvm/rubies/ruby-2.2.2/lib/ruby/2.2.0/webrick/server.rb:294:in `block in start_thread'


  Rendered /Users/Niki/.rvm/gems/ruby-2.2.2/gems/actionpack-4.2.0/lib/action_dispatch/middleware/templates/rescues/_trace.html.erb (1.2ms)
  Rendered /Users/Niki/.rvm/gems/ruby-2.2.2/gems/actionpack-4.2.0/lib/action_dispatch/middleware/templates/routes/_route.html.erb (0.8ms)
  Rendered /Users/Niki/.rvm/gems/ruby-2.2.2/gems/actionpack-4.2.0/lib/action_dispatch/middleware/templates/routes/_table.html.erb (8.5ms)
  Rendered /Users/Niki/.rvm/gems/ruby-2.2.2/gems/actionpack-4.2.0/lib/action_dispatch/middleware/templates/rescues/_request_and_response.html.erb (8.6ms)
  Rendered /Users/Niki/.rvm/gems/ruby-2.2.2/gems/actionpack-4.2.0/lib/action_dispatch/middleware/templates/rescues/routing_error.html.erb within rescues/layout (80.2ms)


Started GET "/posts/new" for ::1 at 2015-08-31 18:32:55 -0400
Processing by PostsController#new as HTML
  Rendered posts/_form.html.erb (9.4ms)
  Rendered posts/new.html.erb within layouts/application (11.2ms)
Completed 200 OK in 307ms (Views: 295.2ms | ActiveRecord: 0.5ms)


Started GET "/assets/application.css?body=1" for ::1 at 2015-08-31 18:32:55 -0400


Started GET "/assets/posts.css?body=1" for ::1 at 2015-08-31 18:32:55 -0400


Started GET "/assets/scaffolds.css?body=1" for ::1 at 2015-08-31 18:32:55 -0400


Started GET "/assets/users.css?body=1" for ::1 at 2015-08-31 18:32:55 -0400


Started GET "/assets/tags.css?body=1" for ::1 at 2015-08-31 18:32:56 -0400


Started GET "/assets/jquery.js?body=1" for ::1 at 2015-08-31 18:32:56 -0400


Started GET "/assets/jquery_ujs.js?body=1" for ::1 at 2015-08-31 18:32:56 -0400


Started GET "/assets/posts.js?body=1" for ::1 at 2015-08-31 18:32:56 -0400


Started GET "/assets/tags.js?body=1" for ::1 at 2015-08-31 18:32:56 -0400


Started GET "/assets/users.js?body=1" for ::1 at 2015-08-31 18:32:56 -0400


Started GET "/assets/application.js?body=1" for ::1 at 2015-08-31 18:32:56 -0400


Started POST "/posts" for ::1 at 2015-08-31 18:33:45 -0400
Processing by PostsController#create as HTML
  Parameters: {"utf8"=>"✓", "authenticity_token"=>"OmGSwcwKPIS2flTlh1Bl7oG7vIrJ51eAcMRo+hLZNYsh/7W44IF9GL5q5dca8H79W/9Pmmm7mg8CICcYSN99wg==", "post"=>{"name"=>"hi", "content"=>"sjfdkal"}, "commit"=>"Create Post"}
Unpermitted parameter: content
  [1m[35m (0.1ms)[0m  begin transaction
  [1m[36m (0.1ms)[0m  [1mrollback transaction[0m
  Rendered posts/_form.html.erb (2.5ms)
  Rendered posts/new.html.erb within layouts/application (3.9ms)
Completed 200 OK in 16ms (Views: 10.0ms | ActiveRecord: 0.2ms)


Started POST "/posts" for ::1 at 2015-08-31 18:35:46 -0400
  [1m[36mActiveRecord::SchemaMigration Load (0.2ms)[0m  [1mSELECT "schema_migrations".* FROM "schema_migrations"[0m
Processing by PostsController#create as HTML
  Parameters: {"utf8"=>"✓", "authenticity_token"=>"OmGSwcwKPIS2flTlh1Bl7oG7vIrJ51eAcMRo+hLZNYsh/7W44IF9GL5q5dca8H79W/9Pmmm7mg8CICcYSN99wg==", "post"=>{"name"=>"hi", "content"=>"sjfdkal"}, "commit"=>"Create Post"}
  [1m[35m (0.1ms)[0m  begin transaction
  [1m[36mSQL (0.5ms)[0m  [1mINSERT INTO "posts" ("name", "content", "created_at", "updated_at") VALUES (?, ?, ?, ?)[0m  [["name", "hi"], ["content", "sjfdkal"], ["created_at", "2015-08-31 22:35:46.399599"], ["updated_at", "2015-08-31 22:35:46.399599"]]
  [1m[35m (0.7ms)[0m  commit transaction
Redirected to http://localhost:3000/posts/1
Completed 302 Found in 29ms (ActiveRecord: 1.6ms)


Started GET "/posts/1" for ::1 at 2015-08-31 18:35:46 -0400
Processing by PostsController#show as HTML
  Parameters: {"id"=>"1"}
  [1m[36mPost Load (0.2ms)[0m  [1mSELECT  "posts".* FROM "posts" WHERE "posts"."id" = ? LIMIT 1[0m  [["id", 1]]
  Rendered posts/show.html.erb within layouts/application (2.6ms)
Completed 200 OK in 48ms (Views: 39.4ms | ActiveRecord: 0.2ms)


Started GET "/assets/scaffolds.css?body=1" for ::1 at 2015-08-31 18:35:46 -0400


Started GET "/assets/jquery.js?body=1" for ::1 at 2015-08-31 18:35:46 -0400


Started GET "/assets/users.css?body=1" for ::1 at 2015-08-31 18:35:46 -0400


Started GET "/assets/tags.css?body=1" for ::1 at 2015-08-31 18:35:46 -0400


Started GET "/assets/application.css?body=1" for ::1 at 2015-08-31 18:35:46 -0400


Started GET "/assets/posts.css?body=1" for ::1 at 2015-08-31 18:35:46 -0400


Started GET "/assets/jquery_ujs.js?body=1" for ::1 at 2015-08-31 18:35:46 -0400


Started GET "/assets/posts.js?body=1" for ::1 at 2015-08-31 18:35:46 -0400


Started GET "/assets/tags.js?body=1" for ::1 at 2015-08-31 18:35:46 -0400


Started GET "/assets/users.js?body=1" for ::1 at 2015-08-31 18:35:46 -0400


Started GET "/assets/application.js?body=1" for ::1 at 2015-08-31 18:35:46 -0400


Started GET "/posts" for ::1 at 2015-08-31 18:36:18 -0400
Processing by PostsController#index as HTML
  [1m[35mPost Load (0.1ms)[0m  SELECT "posts".* FROM "posts"
  Rendered posts/index.html.erb within layouts/application (1.7ms)
Completed 200 OK in 10ms (Views: 9.5ms | ActiveRecord: 0.1ms)


Started GET "/assets/application.css?body=1" for ::1 at 2015-08-31 18:36:18 -0400


Started GET "/assets/posts.css?body=1" for ::1 at 2015-08-31 18:36:18 -0400


Started GET "/assets/scaffolds.css?body=1" for ::1 at 2015-08-31 18:36:18 -0400


Started GET "/assets/tags.css?body=1" for ::1 at 2015-08-31 18:36:18 -0400


Started GET "/assets/posts.js?body=1" for ::1 at 2015-08-31 18:36:18 -0400


Started GET "/assets/users.css?body=1" for ::1 at 2015-08-31 18:36:18 -0400


Started GET "/assets/tags.js?body=1" for ::1 at 2015-08-31 18:36:18 -0400


Started GET "/assets/jquery.js?body=1" for ::1 at 2015-08-31 18:36:18 -0400


Started GET "/assets/jquery_ujs.js?body=1" for ::1 at 2015-08-31 18:36:18 -0400


Started GET "/assets/users.js?body=1" for ::1 at 2015-08-31 18:36:18 -0400


Started GET "/assets/application.js?body=1" for ::1 at 2015-08-31 18:36:18 -0400


Started GET "/posts/new" for ::1 at 2015-08-31 18:36:19 -0400
Processing by PostsController#new as HTML
  Rendered posts/_form.html.erb (13.9ms)
  Rendered posts/new.html.erb within layouts/application (17.7ms)
Completed 200 OK in 25ms (Views: 24.5ms | ActiveRecord: 0.0ms)


Started GET "/assets/posts.css?body=1" for ::1 at 2015-08-31 18:36:19 -0400


Started GET "/assets/application.css?body=1" for ::1 at 2015-08-31 18:36:19 -0400


Started GET "/assets/scaffolds.css?body=1" for ::1 at 2015-08-31 18:36:19 -0400


Started GET "/assets/jquery.js?body=1" for ::1 at 2015-08-31 18:36:19 -0400


Started GET "/assets/users.css?body=1" for ::1 at 2015-08-31 18:36:19 -0400


Started GET "/assets/tags.css?body=1" for ::1 at 2015-08-31 18:36:19 -0400


Started GET "/assets/jquery_ujs.js?body=1" for ::1 at 2015-08-31 18:36:19 -0400


Started GET "/assets/posts.js?body=1" for ::1 at 2015-08-31 18:36:19 -0400


Started GET "/assets/tags.js?body=1" for ::1 at 2015-08-31 18:36:19 -0400


Started GET "/assets/users.js?body=1" for ::1 at 2015-08-31 18:36:19 -0400


Started GET "/assets/application.js?body=1" for ::1 at 2015-08-31 18:36:19 -0400


Started GET "/posts/new" for ::1 at 2015-08-31 18:38:58 -0400
Processing by PostsController#new as HTML
  Rendered posts/_form.html.erb (20.1ms)
  Rendered posts/new.html.erb within layouts/application (21.1ms)
Completed 500 Internal Server Error in 40ms

ArgumentError - wrong number of arguments (1 for 4..6):
  app/views/posts/_form.html.erb:26:in `block in _app_views_posts__form_html_erb__1512692097618331380_70243834104320'
  actionview (4.2.0) lib/action_view/helpers/capture_helper.rb:38:in `block in capture'
  actionview (4.2.0) lib/action_view/helpers/capture_helper.rb:200:in `with_output_buffer'
  actionview (4.2.0) lib/action_view/helpers/capture_helper.rb:38:in `capture'
  actionview (4.2.0) lib/action_view/helpers/form_helper.rb:444:in `form_for'
  app/views/posts/_form.html.erb:1:in `_app_views_posts__form_html_erb__1512692097618331380_70243834104320'
  actionview (4.2.0) lib/action_view/template.rb:145:in `block in render'
  activesupport (4.2.0) lib/active_support/notifications.rb:166:in `instrument'
  actionview (4.2.0) lib/action_view/template.rb:333:in `instrument'
  actionview (4.2.0) lib/action_view/template.rb:143:in `render'
  actionview (4.2.0) lib/action_view/renderer/partial_renderer.rb:339:in `render_partial'
  actionview (4.2.0) lib/action_view/renderer/partial_renderer.rb:310:in `block in render'
  actionview (4.2.0) lib/action_view/renderer/abstract_renderer.rb:39:in `block in instrument'
  activesupport (4.2.0) lib/active_support/notifications.rb:164:in `block in instrument'
  activesupport (4.2.0) lib/active_support/notifications/instrumenter.rb:20:in `instrument'
  activesupport (4.2.0) lib/active_support/notifications.rb:164:in `instrument'
  actionview (4.2.0) lib/action_view/renderer/abstract_renderer.rb:39:in `instrument'
  actionview (4.2.0) lib/action_view/renderer/partial_renderer.rb:309:in `render'
  actionview (4.2.0) lib/action_view/renderer/renderer.rb:47:in `render_partial'
  actionview (4.2.0) lib/action_view/helpers/rendering_helper.rb:35:in `render'
  app/views/posts/new.html.erb:3:in `_app_views_posts_new_html_erb___4448267429214183888_70243797754860'
  actionview (4.2.0) lib/action_view/template.rb:145:in `block in render'
  activesupport (4.2.0) lib/active_support/notifications.rb:166:in `instrument'
  actionview (4.2.0) lib/action_view/template.rb:333:in `instrument'
  actionview (4.2.0) lib/action_view/template.rb:143:in `render'
  actionview (4.2.0) lib/action_view/renderer/template_renderer.rb:54:in `block (2 levels) in render_template'
  actionview (4.2.0) lib/action_view/renderer/abstract_renderer.rb:39:in `block in instrument'
  activesupport (4.2.0) lib/active_support/notifications.rb:164:in `block in instrument'
  activesupport (4.2.0) lib/active_support/notifications/instrumenter.rb:20:in `instrument'
  activesupport (4.2.0) lib/active_support/notifications.rb:164:in `instrument'
  actionview (4.2.0) lib/action_view/renderer/abstract_renderer.rb:39:in `instrument'
  actionview (4.2.0) lib/action_view/renderer/template_renderer.rb:53:in `block in render_template'
  actionview (4.2.0) lib/action_view/renderer/template_renderer.rb:61:in `render_with_layout'
  actionview (4.2.0) lib/action_view/renderer/template_renderer.rb:52:in `render_template'
  actionview (4.2.0) lib/action_view/renderer/template_renderer.rb:14:in `render'
  actionview (4.2.0) lib/action_view/renderer/renderer.rb:42:in `render_template'
  actionview (4.2.0) lib/action_view/renderer/renderer.rb:23:in `render'
  actionview (4.2.0) lib/action_view/rendering.rb:100:in `_render_template'
  actionpack (4.2.0) lib/action_controller/metal/streaming.rb:217:in `_render_template'
  actionview (4.2.0) lib/action_view/rendering.rb:83:in `render_to_body'
  actionpack (4.2.0) lib/action_controller/metal/rendering.rb:32:in `render_to_body'
  actionpack (4.2.0) lib/action_controller/metal/renderers.rb:37:in `render_to_body'
  actionpack (4.2.0) lib/abstract_controller/rendering.rb:25:in `render'
  actionpack (4.2.0) lib/action_controller/metal/rendering.rb:16:in `render'
  actionpack (4.2.0) lib/action_controller/metal/instrumentation.rb:41:in `block (2 levels) in render'
  activesupport (4.2.0) lib/active_support/core_ext/benchmark.rb:12:in `block in ms'
  /Users/Niki/.rvm/rubies/ruby-2.2.2/lib/ruby/2.2.0/benchmark.rb:303:in `realtime'
  activesupport (4.2.0) lib/active_support/core_ext/benchmark.rb:12:in `ms'
  actionpack (4.2.0) lib/action_controller/metal/instrumentation.rb:41:in `block in render'
  actionpack (4.2.0) lib/action_controller/metal/instrumentation.rb:84:in `cleanup_view_runtime'
  activerecord (4.2.0) lib/active_record/railties/controller_runtime.rb:25:in `cleanup_view_runtime'
  actionpack (4.2.0) lib/action_controller/metal/instrumentation.rb:40:in `render'
  actionpack (4.2.0) lib/action_controller/metal/implicit_render.rb:10:in `default_render'
  actionpack (4.2.0) lib/action_controller/metal/implicit_render.rb:5:in `send_action'
  actionpack (4.2.0) lib/abstract_controller/base.rb:198:in `process_action'
  actionpack (4.2.0) lib/action_controller/metal/rendering.rb:10:in `process_action'
  actionpack (4.2.0) lib/abstract_controller/callbacks.rb:20:in `block in process_action'
  activesupport (4.2.0) lib/active_support/callbacks.rb:117:in `call'
  activesupport (4.2.0) lib/active_support/callbacks.rb:151:in `block in halting_and_conditional'
  activesupport (4.2.0) lib/active_support/callbacks.rb:234:in `block in halting'
  activesupport (4.2.0) lib/active_support/callbacks.rb:169:in `block in halting'
  activesupport (4.2.0) lib/active_support/callbacks.rb:92:in `_run_callbacks'
  activesupport (4.2.0) lib/active_support/callbacks.rb:734:in `_run_process_action_callbacks'
  activesupport (4.2.0) lib/active_support/callbacks.rb:81:in `run_callbacks'
  actionpack (4.2.0) lib/abstract_controller/callbacks.rb:19:in `process_action'
  actionpack (4.2.0) lib/action_controller/metal/rescue.rb:29:in `process_action'
  actionpack (4.2.0) lib/action_controller/metal/instrumentation.rb:31:in `block in process_action'
  activesupport (4.2.0) lib/active_support/notifications.rb:164:in `block in instrument'
  activesupport (4.2.0) lib/active_support/notifications/instrumenter.rb:20:in `instrument'
  activesupport (4.2.0) lib/active_support/notifications.rb:164:in `instrument'
  actionpack (4.2.0) lib/action_controller/metal/instrumentation.rb:30:in `process_action'
  actionpack (4.2.0) lib/action_controller/metal/params_wrapper.rb:250:in `process_action'
  activerecord (4.2.0) lib/active_record/railties/controller_runtime.rb:18:in `process_action'
  actionpack (4.2.0) lib/abstract_controller/base.rb:137:in `process'
  actionview (4.2.0) lib/action_view/rendering.rb:30:in `process'
  actionpack (4.2.0) lib/action_controller/metal.rb:195:in `dispatch'
  actionpack (4.2.0) lib/action_controller/metal/rack_delegation.rb:13:in `dispatch'
  actionpack (4.2.0) lib/action_controller/metal.rb:236:in `block in action'
  actionpack (4.2.0) lib/action_dispatch/routing/route_set.rb:73:in `dispatch'
  actionpack (4.2.0) lib/action_dispatch/routing/route_set.rb:42:in `serve'
  actionpack (4.2.0) lib/action_dispatch/journey/router.rb:43:in `block in serve'
  actionpack (4.2.0) lib/action_dispatch/journey/router.rb:30:in `serve'
  actionpack (4.2.0) lib/action_dispatch/routing/route_set.rb:802:in `call'
  rack (1.6.0) lib/rack/etag.rb:24:in `call'
  rack (1.6.0) lib/rack/conditionalget.rb:25:in `call'
  rack (1.6.0) lib/rack/head.rb:13:in `call'
  actionpack (4.2.0) lib/action_dispatch/middleware/params_parser.rb:27:in `call'
  actionpack (4.2.0) lib/action_dispatch/middleware/flash.rb:260:in `call'
  rack (1.6.0) lib/rack/session/abstract/id.rb:225:in `context'
  rack (1.6.0) lib/rack/session/abstract/id.rb:220:in `call'
  actionpack (4.2.0) lib/action_dispatch/middleware/cookies.rb:560:in `call'
  activerecord (4.2.0) lib/active_record/query_cache.rb:36:in `call'
  activerecord (4.2.0) lib/active_record/connection_adapters/abstract/connection_pool.rb:647:in `call'
  activerecord (4.2.0) lib/active_record/migration.rb:378:in `call'
  actionpack (4.2.0) lib/action_dispatch/middleware/callbacks.rb:29:in `block in call'
  activesupport (4.2.0) lib/active_support/callbacks.rb:88:in `_run_callbacks'
  activesupport (4.2.0) lib/active_support/callbacks.rb:734:in `_run_call_callbacks'
  activesupport (4.2.0) lib/active_support/callbacks.rb:81:in `run_callbacks'
  actionpack (4.2.0) lib/action_dispatch/middleware/callbacks.rb:27:in `call'
  actionpack (4.2.0) lib/action_dispatch/middleware/reloader.rb:73:in `call'
  actionpack (4.2.0) lib/action_dispatch/middleware/remote_ip.rb:78:in `call'
  better_errors (2.1.1) lib/better_errors/middleware.rb:84:in `protected_app_call'
  better_errors (2.1.1) lib/better_errors/middleware.rb:79:in `better_errors_call'
  better_errors (2.1.1) lib/better_errors/middleware.rb:57:in `call'
  actionpack (4.2.0) lib/action_dispatch/middleware/debug_exceptions.rb:17:in `call'
  actionpack (4.2.0) lib/action_dispatch/middleware/show_exceptions.rb:30:in `call'
  railties (4.2.0) lib/rails/rack/logger.rb:38:in `call_app'
  railties (4.2.0) lib/rails/rack/logger.rb:20:in `block in call'
  activesupport (4.2.0) lib/active_support/tagged_logging.rb:68:in `block in tagged'
  activesupport (4.2.0) lib/active_support/tagged_logging.rb:26:in `tagged'
  activesupport (4.2.0) lib/active_support/tagged_logging.rb:68:in `tagged'
  railties (4.2.0) lib/rails/rack/logger.rb:20:in `call'
  actionpack (4.2.0) lib/action_dispatch/middleware/request_id.rb:21:in `call'
  rack (1.6.0) lib/rack/methodoverride.rb:22:in `call'
  rack (1.6.0) lib/rack/runtime.rb:18:in `call'
  activesupport (4.2.0) lib/active_support/cache/strategy/local_cache_middleware.rb:28:in `call'
  rack (1.6.0) lib/rack/lock.rb:17:in `call'
  actionpack (4.2.0) lib/action_dispatch/middleware/static.rb:113:in `call'
  rack (1.6.0) lib/rack/sendfile.rb:113:in `call'
  railties (4.2.0) lib/rails/engine.rb:518:in `call'
  railties (4.2.0) lib/rails/application.rb:164:in `call'
  rack (1.6.0) lib/rack/lock.rb:17:in `call'
  rack (1.6.0) lib/rack/content_length.rb:15:in `call'
  rack (1.6.0) lib/rack/handler/webrick.rb:89:in `service'
  /Users/Niki/.rvm/rubies/ruby-2.2.2/lib/ruby/2.2.0/webrick/httpserver.rb:138:in `service'
  /Users/Niki/.rvm/rubies/ruby-2.2.2/lib/ruby/2.2.0/webrick/httpserver.rb:94:in `run'
  /Users/Niki/.rvm/rubies/ruby-2.2.2/lib/ruby/2.2.0/webrick/server.rb:294:in `block in start_thread'



Started POST "/__better_errors/d8bbec500e806d97/variables" for ::1 at 2015-08-31 18:38:58 -0400
  [1m[36mTag Load (0.2ms)[0m  [1mSELECT "tags".* FROM "tags"[0m


Started GET "/posts/new" for ::1 at 2015-08-31 18:39:51 -0400
Processing by PostsController#new as HTML
  Rendered posts/_form.html.erb (4.0ms)
  Rendered posts/new.html.erb within layouts/application (5.0ms)
Completed 500 Internal Server Error in 8ms

ArgumentError - wrong number of arguments (1 for 4..6):
  app/views/posts/_form.html.erb:26:in `block in _app_views_posts__form_html_erb__1512692097618331380_70243798580080'
  actionview (4.2.0) lib/action_view/helpers/capture_helper.rb:38:in `block in capture'
  actionview (4.2.0) lib/action_view/helpers/capture_helper.rb:200:in `with_output_buffer'
  actionview (4.2.0) lib/action_view/helpers/capture_helper.rb:38:in `capture'
  actionview (4.2.0) lib/action_view/helpers/form_helper.rb:444:in `form_for'
  app/views/posts/_form.html.erb:1:in `_app_views_posts__form_html_erb__1512692097618331380_70243798580080'
  actionview (4.2.0) lib/action_view/template.rb:145:in `block in render'
  activesupport (4.2.0) lib/active_support/notifications.rb:166:in `instrument'
  actionview (4.2.0) lib/action_view/template.rb:333:in `instrument'
  actionview (4.2.0) lib/action_view/template.rb:143:in `render'
  actionview (4.2.0) lib/action_view/renderer/partial_renderer.rb:339:in `render_partial'
  actionview (4.2.0) lib/action_view/renderer/partial_renderer.rb:310:in `block in render'
  actionview (4.2.0) lib/action_view/renderer/abstract_renderer.rb:39:in `block in instrument'
  activesupport (4.2.0) lib/active_support/notifications.rb:164:in `block in instrument'
  activesupport (4.2.0) lib/active_support/notifications/instrumenter.rb:20:in `instrument'
  activesupport (4.2.0) lib/active_support/notifications.rb:164:in `instrument'
  actionview (4.2.0) lib/action_view/renderer/abstract_renderer.rb:39:in `instrument'
  actionview (4.2.0) lib/action_view/renderer/partial_renderer.rb:309:in `render'
  actionview (4.2.0) lib/action_view/renderer/renderer.rb:47:in `render_partial'
  actionview (4.2.0) lib/action_view/helpers/rendering_helper.rb:35:in `render'
  app/views/posts/new.html.erb:3:in `_app_views_posts_new_html_erb___4448267429214183888_70243797754860'
  actionview (4.2.0) lib/action_view/template.rb:145:in `block in render'
  activesupport (4.2.0) lib/active_support/notifications.rb:166:in `instrument'
  actionview (4.2.0) lib/action_view/template.rb:333:in `instrument'
  actionview (4.2.0) lib/action_view/template.rb:143:in `render'
  actionview (4.2.0) lib/action_view/renderer/template_renderer.rb:54:in `block (2 levels) in render_template'
  actionview (4.2.0) lib/action_view/renderer/abstract_renderer.rb:39:in `block in instrument'
  activesupport (4.2.0) lib/active_support/notifications.rb:164:in `block in instrument'
  activesupport (4.2.0) lib/active_support/notifications/instrumenter.rb:20:in `instrument'
  activesupport (4.2.0) lib/active_support/notifications.rb:164:in `instrument'
  actionview (4.2.0) lib/action_view/renderer/abstract_renderer.rb:39:in `instrument'
  actionview (4.2.0) lib/action_view/renderer/template_renderer.rb:53:in `block in render_template'
  actionview (4.2.0) lib/action_view/renderer/template_renderer.rb:61:in `render_with_layout'
  actionview (4.2.0) lib/action_view/renderer/template_renderer.rb:52:in `render_template'
  actionview (4.2.0) lib/action_view/renderer/template_renderer.rb:14:in `render'
  actionview (4.2.0) lib/action_view/renderer/renderer.rb:42:in `render_template'
  actionview (4.2.0) lib/action_view/renderer/renderer.rb:23:in `render'
  actionview (4.2.0) lib/action_view/rendering.rb:100:in `_render_template'
  actionpack (4.2.0) lib/action_controller/metal/streaming.rb:217:in `_render_template'
  actionview (4.2.0) lib/action_view/rendering.rb:83:in `render_to_body'
  actionpack (4.2.0) lib/action_controller/metal/rendering.rb:32:in `render_to_body'
  actionpack (4.2.0) lib/action_controller/metal/renderers.rb:37:in `render_to_body'
  actionpack (4.2.0) lib/abstract_controller/rendering.rb:25:in `render'
  actionpack (4.2.0) lib/action_controller/metal/rendering.rb:16:in `render'
  actionpack (4.2.0) lib/action_controller/metal/instrumentation.rb:41:in `block (2 levels) in render'
  activesupport (4.2.0) lib/active_support/core_ext/benchmark.rb:12:in `block in ms'
  /Users/Niki/.rvm/rubies/ruby-2.2.2/lib/ruby/2.2.0/benchmark.rb:303:in `realtime'
  activesupport (4.2.0) lib/active_support/core_ext/benchmark.rb:12:in `ms'
  actionpack (4.2.0) lib/action_controller/metal/instrumentation.rb:41:in `block in render'
  actionpack (4.2.0) lib/action_controller/metal/instrumentation.rb:84:in `cleanup_view_runtime'
  activerecord (4.2.0) lib/active_record/railties/controller_runtime.rb:25:in `cleanup_view_runtime'
  actionpack (4.2.0) lib/action_controller/metal/instrumentation.rb:40:in `render'
  actionpack (4.2.0) lib/action_controller/metal/implicit_render.rb:10:in `default_render'
  actionpack (4.2.0) lib/action_controller/metal/implicit_render.rb:5:in `send_action'
  actionpack (4.2.0) lib/abstract_controller/base.rb:198:in `process_action'
  actionpack (4.2.0) lib/action_controller/metal/rendering.rb:10:in `process_action'
  actionpack (4.2.0) lib/abstract_controller/callbacks.rb:20:in `block in process_action'
  activesupport (4.2.0) lib/active_support/callbacks.rb:117:in `call'
  activesupport (4.2.0) lib/active_support/callbacks.rb:151:in `block in halting_and_conditional'
  activesupport (4.2.0) lib/active_support/callbacks.rb:234:in `block in halting'
  activesupport (4.2.0) lib/active_support/callbacks.rb:169:in `block in halting'
  activesupport (4.2.0) lib/active_support/callbacks.rb:92:in `_run_callbacks'
  activesupport (4.2.0) lib/active_support/callbacks.rb:734:in `_run_process_action_callbacks'
  activesupport (4.2.0) lib/active_support/callbacks.rb:81:in `run_callbacks'
  actionpack (4.2.0) lib/abstract_controller/callbacks.rb:19:in `process_action'
  actionpack (4.2.0) lib/action_controller/metal/rescue.rb:29:in `process_action'
  actionpack (4.2.0) lib/action_controller/metal/instrumentation.rb:31:in `block in process_action'
  activesupport (4.2.0) lib/active_support/notifications.rb:164:in `block in instrument'
  activesupport (4.2.0) lib/active_support/notifications/instrumenter.rb:20:in `instrument'
  activesupport (4.2.0) lib/active_support/notifications.rb:164:in `instrument'
  actionpack (4.2.0) lib/action_controller/metal/instrumentation.rb:30:in `process_action'
  actionpack (4.2.0) lib/action_controller/metal/params_wrapper.rb:250:in `process_action'
  activerecord (4.2.0) lib/active_record/railties/controller_runtime.rb:18:in `process_action'
  actionpack (4.2.0) lib/abstract_controller/base.rb:137:in `process'
  actionview (4.2.0) lib/action_view/rendering.rb:30:in `process'
  actionpack (4.2.0) lib/action_controller/metal.rb:195:in `dispatch'
  actionpack (4.2.0) lib/action_controller/metal/rack_delegation.rb:13:in `dispatch'
  actionpack (4.2.0) lib/action_controller/metal.rb:236:in `block in action'
  actionpack (4.2.0) lib/action_dispatch/routing/route_set.rb:73:in `dispatch'
  actionpack (4.2.0) lib/action_dispatch/routing/route_set.rb:42:in `serve'
  actionpack (4.2.0) lib/action_dispatch/journey/router.rb:43:in `block in serve'
  actionpack (4.2.0) lib/action_dispatch/journey/router.rb:30:in `serve'
  actionpack (4.2.0) lib/action_dispatch/routing/route_set.rb:802:in `call'
  rack (1.6.0) lib/rack/etag.rb:24:in `call'
  rack (1.6.0) lib/rack/conditionalget.rb:25:in `call'
  rack (1.6.0) lib/rack/head.rb:13:in `call'
  actionpack (4.2.0) lib/action_dispatch/middleware/params_parser.rb:27:in `call'
  actionpack (4.2.0) lib/action_dispatch/middleware/flash.rb:260:in `call'
  rack (1.6.0) lib/rack/session/abstract/id.rb:225:in `context'
  rack (1.6.0) lib/rack/session/abstract/id.rb:220:in `call'
  actionpack (4.2.0) lib/action_dispatch/middleware/cookies.rb:560:in `call'
  activerecord (4.2.0) lib/active_record/query_cache.rb:36:in `call'
  activerecord (4.2.0) lib/active_record/connection_adapters/abstract/connection_pool.rb:647:in `call'
  activerecord (4.2.0) lib/active_record/migration.rb:378:in `call'
  actionpack (4.2.0) lib/action_dispatch/middleware/callbacks.rb:29:in `block in call'
  activesupport (4.2.0) lib/active_support/callbacks.rb:88:in `_run_callbacks'
  activesupport (4.2.0) lib/active_support/callbacks.rb:734:in `_run_call_callbacks'
  activesupport (4.2.0) lib/active_support/callbacks.rb:81:in `run_callbacks'
  actionpack (4.2.0) lib/action_dispatch/middleware/callbacks.rb:27:in `call'
  actionpack (4.2.0) lib/action_dispatch/middleware/reloader.rb:73:in `call'
  actionpack (4.2.0) lib/action_dispatch/middleware/remote_ip.rb:78:in `call'
  better_errors (2.1.1) lib/better_errors/middleware.rb:84:in `protected_app_call'
  better_errors (2.1.1) lib/better_errors/middleware.rb:79:in `better_errors_call'
  better_errors (2.1.1) lib/better_errors/middleware.rb:57:in `call'
  actionpack (4.2.0) lib/action_dispatch/middleware/debug_exceptions.rb:17:in `call'
  actionpack (4.2.0) lib/action_dispatch/middleware/show_exceptions.rb:30:in `call'
  railties (4.2.0) lib/rails/rack/logger.rb:38:in `call_app'
  railties (4.2.0) lib/rails/rack/logger.rb:20:in `block in call'
  activesupport (4.2.0) lib/active_support/tagged_logging.rb:68:in `block in tagged'
  activesupport (4.2.0) lib/active_support/tagged_logging.rb:26:in `tagged'
  activesupport (4.2.0) lib/active_support/tagged_logging.rb:68:in `tagged'
  railties (4.2.0) lib/rails/rack/logger.rb:20:in `call'
  actionpack (4.2.0) lib/action_dispatch/middleware/request_id.rb:21:in `call'
  rack (1.6.0) lib/rack/methodoverride.rb:22:in `call'
  rack (1.6.0) lib/rack/runtime.rb:18:in `call'
  activesupport (4.2.0) lib/active_support/cache/strategy/local_cache_middleware.rb:28:in `call'
  rack (1.6.0) lib/rack/lock.rb:17:in `call'
  actionpack (4.2.0) lib/action_dispatch/middleware/static.rb:113:in `call'
  rack (1.6.0) lib/rack/sendfile.rb:113:in `call'
  railties (4.2.0) lib/rails/engine.rb:518:in `call'
  railties (4.2.0) lib/rails/application.rb:164:in `call'
  rack (1.6.0) lib/rack/lock.rb:17:in `call'
  rack (1.6.0) lib/rack/content_length.rb:15:in `call'
  rack (1.6.0) lib/rack/handler/webrick.rb:89:in `service'
  /Users/Niki/.rvm/rubies/ruby-2.2.2/lib/ruby/2.2.0/webrick/httpserver.rb:138:in `service'
  /Users/Niki/.rvm/rubies/ruby-2.2.2/lib/ruby/2.2.0/webrick/httpserver.rb:94:in `run'
  /Users/Niki/.rvm/rubies/ruby-2.2.2/lib/ruby/2.2.0/webrick/server.rb:294:in `block in start_thread'



Started POST "/__better_errors/4700bb05854b3770/variables" for ::1 at 2015-08-31 18:39:51 -0400
  [1m[35mTag Load (0.4ms)[0m  SELECT "tags".* FROM "tags"


Started GET "/posts/new" for ::1 at 2015-08-31 18:40:13 -0400
Processing by PostsController#new as HTML
  Rendered posts/_form.html.erb (4.0ms)
  Rendered posts/new.html.erb within layouts/application (5.0ms)
Completed 500 Internal Server Error in 8ms

ArgumentError - wrong number of arguments (1 for 4..6):
  app/views/posts/_form.html.erb:26:in `block in _app_views_posts__form_html_erb__1512692097618331380_70243830547780'
  actionview (4.2.0) lib/action_view/helpers/capture_helper.rb:38:in `block in capture'
  actionview (4.2.0) lib/action_view/helpers/capture_helper.rb:200:in `with_output_buffer'
  actionview (4.2.0) lib/action_view/helpers/capture_helper.rb:38:in `capture'
  actionview (4.2.0) lib/action_view/helpers/form_helper.rb:444:in `form_for'
  app/views/posts/_form.html.erb:1:in `_app_views_posts__form_html_erb__1512692097618331380_70243830547780'
  actionview (4.2.0) lib/action_view/template.rb:145:in `block in render'
  activesupport (4.2.0) lib/active_support/notifications.rb:166:in `instrument'
  actionview (4.2.0) lib/action_view/template.rb:333:in `instrument'
  actionview (4.2.0) lib/action_view/template.rb:143:in `render'
  actionview (4.2.0) lib/action_view/renderer/partial_renderer.rb:339:in `render_partial'
  actionview (4.2.0) lib/action_view/renderer/partial_renderer.rb:310:in `block in render'
  actionview (4.2.0) lib/action_view/renderer/abstract_renderer.rb:39:in `block in instrument'
  activesupport (4.2.0) lib/active_support/notifications.rb:164:in `block in instrument'
  activesupport (4.2.0) lib/active_support/notifications/instrumenter.rb:20:in `instrument'
  activesupport (4.2.0) lib/active_support/notifications.rb:164:in `instrument'
  actionview (4.2.0) lib/action_view/renderer/abstract_renderer.rb:39:in `instrument'
  actionview (4.2.0) lib/action_view/renderer/partial_renderer.rb:309:in `render'
  actionview (4.2.0) lib/action_view/renderer/renderer.rb:47:in `render_partial'
  actionview (4.2.0) lib/action_view/helpers/rendering_helper.rb:35:in `render'
  app/views/posts/new.html.erb:3:in `_app_views_posts_new_html_erb___4448267429214183888_70243797754860'
  actionview (4.2.0) lib/action_view/template.rb:145:in `block in render'
  activesupport (4.2.0) lib/active_support/notifications.rb:166:in `instrument'
  actionview (4.2.0) lib/action_view/template.rb:333:in `instrument'
  actionview (4.2.0) lib/action_view/template.rb:143:in `render'
  actionview (4.2.0) lib/action_view/renderer/template_renderer.rb:54:in `block (2 levels) in render_template'
  actionview (4.2.0) lib/action_view/renderer/abstract_renderer.rb:39:in `block in instrument'
  activesupport (4.2.0) lib/active_support/notifications.rb:164:in `block in instrument'
  activesupport (4.2.0) lib/active_support/notifications/instrumenter.rb:20:in `instrument'
  activesupport (4.2.0) lib/active_support/notifications.rb:164:in `instrument'
  actionview (4.2.0) lib/action_view/renderer/abstract_renderer.rb:39:in `instrument'
  actionview (4.2.0) lib/action_view/renderer/template_renderer.rb:53:in `block in render_template'
  actionview (4.2.0) lib/action_view/renderer/template_renderer.rb:61:in `render_with_layout'
  actionview (4.2.0) lib/action_view/renderer/template_renderer.rb:52:in `render_template'
  actionview (4.2.0) lib/action_view/renderer/template_renderer.rb:14:in `render'
  actionview (4.2.0) lib/action_view/renderer/renderer.rb:42:in `render_template'
  actionview (4.2.0) lib/action_view/renderer/renderer.rb:23:in `render'
  actionview (4.2.0) lib/action_view/rendering.rb:100:in `_render_template'
  actionpack (4.2.0) lib/action_controller/metal/streaming.rb:217:in `_render_template'
  actionview (4.2.0) lib/action_view/rendering.rb:83:in `render_to_body'
  actionpack (4.2.0) lib/action_controller/metal/rendering.rb:32:in `render_to_body'
  actionpack (4.2.0) lib/action_controller/metal/renderers.rb:37:in `render_to_body'
  actionpack (4.2.0) lib/abstract_controller/rendering.rb:25:in `render'
  actionpack (4.2.0) lib/action_controller/metal/rendering.rb:16:in `render'
  actionpack (4.2.0) lib/action_controller/metal/instrumentation.rb:41:in `block (2 levels) in render'
  activesupport (4.2.0) lib/active_support/core_ext/benchmark.rb:12:in `block in ms'
  /Users/Niki/.rvm/rubies/ruby-2.2.2/lib/ruby/2.2.0/benchmark.rb:303:in `realtime'
  activesupport (4.2.0) lib/active_support/core_ext/benchmark.rb:12:in `ms'
  actionpack (4.2.0) lib/action_controller/metal/instrumentation.rb:41:in `block in render'
  actionpack (4.2.0) lib/action_controller/metal/instrumentation.rb:84:in `cleanup_view_runtime'
  activerecord (4.2.0) lib/active_record/railties/controller_runtime.rb:25:in `cleanup_view_runtime'
  actionpack (4.2.0) lib/action_controller/metal/instrumentation.rb:40:in `render'
  actionpack (4.2.0) lib/action_controller/metal/implicit_render.rb:10:in `default_render'
  actionpack (4.2.0) lib/action_controller/metal/implicit_render.rb:5:in `send_action'
  actionpack (4.2.0) lib/abstract_controller/base.rb:198:in `process_action'
  actionpack (4.2.0) lib/action_controller/metal/rendering.rb:10:in `process_action'
  actionpack (4.2.0) lib/abstract_controller/callbacks.rb:20:in `block in process_action'
  activesupport (4.2.0) lib/active_support/callbacks.rb:117:in `call'
  activesupport (4.2.0) lib/active_support/callbacks.rb:151:in `block in halting_and_conditional'
  activesupport (4.2.0) lib/active_support/callbacks.rb:234:in `block in halting'
  activesupport (4.2.0) lib/active_support/callbacks.rb:169:in `block in halting'
  activesupport (4.2.0) lib/active_support/callbacks.rb:92:in `_run_callbacks'
  activesupport (4.2.0) lib/active_support/callbacks.rb:734:in `_run_process_action_callbacks'
  activesupport (4.2.0) lib/active_support/callbacks.rb:81:in `run_callbacks'
  actionpack (4.2.0) lib/abstract_controller/callbacks.rb:19:in `process_action'
  actionpack (4.2.0) lib/action_controller/metal/rescue.rb:29:in `process_action'
  actionpack (4.2.0) lib/action_controller/metal/instrumentation.rb:31:in `block in process_action'
  activesupport (4.2.0) lib/active_support/notifications.rb:164:in `block in instrument'
  activesupport (4.2.0) lib/active_support/notifications/instrumenter.rb:20:in `instrument'
  activesupport (4.2.0) lib/active_support/notifications.rb:164:in `instrument'
  actionpack (4.2.0) lib/action_controller/metal/instrumentation.rb:30:in `process_action'
  actionpack (4.2.0) lib/action_controller/metal/params_wrapper.rb:250:in `process_action'
  activerecord (4.2.0) lib/active_record/railties/controller_runtime.rb:18:in `process_action'
  actionpack (4.2.0) lib/abstract_controller/base.rb:137:in `process'
  actionview (4.2.0) lib/action_view/rendering.rb:30:in `process'
  actionpack (4.2.0) lib/action_controller/metal.rb:195:in `dispatch'
  actionpack (4.2.0) lib/action_controller/metal/rack_delegation.rb:13:in `dispatch'
  actionpack (4.2.0) lib/action_controller/metal.rb:236:in `block in action'
  actionpack (4.2.0) lib/action_dispatch/routing/route_set.rb:73:in `dispatch'
  actionpack (4.2.0) lib/action_dispatch/routing/route_set.rb:42:in `serve'
  actionpack (4.2.0) lib/action_dispatch/journey/router.rb:43:in `block in serve'
  actionpack (4.2.0) lib/action_dispatch/journey/router.rb:30:in `serve'
  actionpack (4.2.0) lib/action_dispatch/routing/route_set.rb:802:in `call'
  rack (1.6.0) lib/rack/etag.rb:24:in `call'
  rack (1.6.0) lib/rack/conditionalget.rb:25:in `call'
  rack (1.6.0) lib/rack/head.rb:13:in `call'
  actionpack (4.2.0) lib/action_dispatch/middleware/params_parser.rb:27:in `call'
  actionpack (4.2.0) lib/action_dispatch/middleware/flash.rb:260:in `call'
  rack (1.6.0) lib/rack/session/abstract/id.rb:225:in `context'
  rack (1.6.0) lib/rack/session/abstract/id.rb:220:in `call'
  actionpack (4.2.0) lib/action_dispatch/middleware/cookies.rb:560:in `call'
  activerecord (4.2.0) lib/active_record/query_cache.rb:36:in `call'
  activerecord (4.2.0) lib/active_record/connection_adapters/abstract/connection_pool.rb:647:in `call'
  activerecord (4.2.0) lib/active_record/migration.rb:378:in `call'
  actionpack (4.2.0) lib/action_dispatch/middleware/callbacks.rb:29:in `block in call'
  activesupport (4.2.0) lib/active_support/callbacks.rb:88:in `_run_callbacks'
  activesupport (4.2.0) lib/active_support/callbacks.rb:734:in `_run_call_callbacks'
  activesupport (4.2.0) lib/active_support/callbacks.rb:81:in `run_callbacks'
  actionpack (4.2.0) lib/action_dispatch/middleware/callbacks.rb:27:in `call'
  actionpack (4.2.0) lib/action_dispatch/middleware/reloader.rb:73:in `call'
  actionpack (4.2.0) lib/action_dispatch/middleware/remote_ip.rb:78:in `call'
  better_errors (2.1.1) lib/better_errors/middleware.rb:84:in `protected_app_call'
  better_errors (2.1.1) lib/better_errors/middleware.rb:79:in `better_errors_call'
  better_errors (2.1.1) lib/better_errors/middleware.rb:57:in `call'
  actionpack (4.2.0) lib/action_dispatch/middleware/debug_exceptions.rb:17:in `call'
  actionpack (4.2.0) lib/action_dispatch/middleware/show_exceptions.rb:30:in `call'
  railties (4.2.0) lib/rails/rack/logger.rb:38:in `call_app'
  railties (4.2.0) lib/rails/rack/logger.rb:20:in `block in call'
  activesupport (4.2.0) lib/active_support/tagged_logging.rb:68:in `block in tagged'
  activesupport (4.2.0) lib/active_support/tagged_logging.rb:26:in `tagged'
  activesupport (4.2.0) lib/active_support/tagged_logging.rb:68:in `tagged'
  railties (4.2.0) lib/rails/rack/logger.rb:20:in `call'
  actionpack (4.2.0) lib/action_dispatch/middleware/request_id.rb:21:in `call'
  rack (1.6.0) lib/rack/methodoverride.rb:22:in `call'
  rack (1.6.0) lib/rack/runtime.rb:18:in `call'
  activesupport (4.2.0) lib/active_support/cache/strategy/local_cache_middleware.rb:28:in `call'
  rack (1.6.0) lib/rack/lock.rb:17:in `call'
  actionpack (4.2.0) lib/action_dispatch/middleware/static.rb:113:in `call'
  rack (1.6.0) lib/rack/sendfile.rb:113:in `call'
  railties (4.2.0) lib/rails/engine.rb:518:in `call'
  railties (4.2.0) lib/rails/application.rb:164:in `call'
  rack (1.6.0) lib/rack/lock.rb:17:in `call'
  rack (1.6.0) lib/rack/content_length.rb:15:in `call'
  rack (1.6.0) lib/rack/handler/webrick.rb:89:in `service'
  /Users/Niki/.rvm/rubies/ruby-2.2.2/lib/ruby/2.2.0/webrick/httpserver.rb:138:in `service'
  /Users/Niki/.rvm/rubies/ruby-2.2.2/lib/ruby/2.2.0/webrick/httpserver.rb:94:in `run'
  /Users/Niki/.rvm/rubies/ruby-2.2.2/lib/ruby/2.2.0/webrick/server.rb:294:in `block in start_thread'



Started POST "/__better_errors/7263d3c2eba0057b/variables" for ::1 at 2015-08-31 18:40:13 -0400
  [1m[36mTag Load (0.2ms)[0m  [1mSELECT "tags".* FROM "tags"[0m


Started GET "/posts/new" for ::1 at 2015-08-31 18:42:54 -0400
Processing by PostsController#new as HTML
  [1m[35mTag Load (0.3ms)[0m  SELECT "tags".* FROM "tags"
  Rendered posts/_form.html.erb (3.4ms)
  Rendered posts/new.html.erb within layouts/application (4.6ms)
Completed 200 OK in 11ms (Views: 9.7ms | ActiveRecord: 0.3ms)


Started GET "/assets/application.css?body=1" for ::1 at 2015-08-31 18:42:54 -0400


Started GET "/assets/scaffolds.css?body=1" for ::1 at 2015-08-31 18:42:54 -0400


Started GET "/assets/users.css?body=1" for ::1 at 2015-08-31 18:42:54 -0400


Started GET "/assets/posts.css?body=1" for ::1 at 2015-08-31 18:42:54 -0400


Started GET "/assets/jquery.js?body=1" for ::1 at 2015-08-31 18:42:54 -0400


Started GET "/assets/tags.css?body=1" for ::1 at 2015-08-31 18:42:54 -0400


Started GET "/assets/jquery_ujs.js?body=1" for ::1 at 2015-08-31 18:42:54 -0400


Started GET "/assets/posts.js?body=1" for ::1 at 2015-08-31 18:42:54 -0400


Started GET "/assets/tags.js?body=1" for ::1 at 2015-08-31 18:42:54 -0400


Started GET "/assets/users.js?body=1" for ::1 at 2015-08-31 18:42:54 -0400


Started GET "/assets/application.js?body=1" for ::1 at 2015-08-31 18:42:54 -0400


Started GET "/posts/new" for ::1 at 2015-08-31 18:43:18 -0400
Processing by PostsController#new as HTML
  [1m[36mTag Load (0.1ms)[0m  [1mSELECT "tags".* FROM "tags"[0m
  Rendered posts/_form.html.erb (2.5ms)
  Rendered posts/new.html.erb within layouts/application (3.7ms)
Completed 200 OK in 9ms (Views: 8.8ms | ActiveRecord: 0.1ms)


Started GET "/assets/application.css?body=1" for ::1 at 2015-08-31 18:43:19 -0400


Started GET "/assets/scaffolds.css?body=1" for ::1 at 2015-08-31 18:43:19 -0400


Started GET "/assets/posts.css?body=1" for ::1 at 2015-08-31 18:43:19 -0400


Started GET "/assets/jquery.js?body=1" for ::1 at 2015-08-31 18:43:19 -0400


Started GET "/assets/users.css?body=1" for ::1 at 2015-08-31 18:43:19 -0400


Started GET "/assets/tags.css?body=1" for ::1 at 2015-08-31 18:43:19 -0400


Started GET "/assets/jquery_ujs.js?body=1" for ::1 at 2015-08-31 18:43:19 -0400


Started GET "/assets/posts.js?body=1" for ::1 at 2015-08-31 18:43:19 -0400


Started GET "/assets/tags.js?body=1" for ::1 at 2015-08-31 18:43:19 -0400


Started GET "/assets/users.js?body=1" for ::1 at 2015-08-31 18:43:19 -0400


Started GET "/assets/application.js?body=1" for ::1 at 2015-08-31 18:43:19 -0400


Started GET "/posts/new" for ::1 at 2015-08-31 18:44:05 -0400
Processing by PostsController#new as HTML
  Rendered posts/_form.html.erb (3.8ms)
  Rendered posts/new.html.erb within layouts/application (4.8ms)
Completed 500 Internal Server Error in 8ms

ArgumentError - wrong number of arguments (1 for 4..6):
  app/views/posts/_form.html.erb:27:in `block in _app_views_posts__form_html_erb__1512692097618331380_70243802231840'
  actionview (4.2.0) lib/action_view/helpers/capture_helper.rb:38:in `block in capture'
  actionview (4.2.0) lib/action_view/helpers/capture_helper.rb:200:in `with_output_buffer'
  actionview (4.2.0) lib/action_view/helpers/capture_helper.rb:38:in `capture'
  actionview (4.2.0) lib/action_view/helpers/form_helper.rb:444:in `form_for'
  app/views/posts/_form.html.erb:1:in `_app_views_posts__form_html_erb__1512692097618331380_70243802231840'
  actionview (4.2.0) lib/action_view/template.rb:145:in `block in render'
  activesupport (4.2.0) lib/active_support/notifications.rb:166:in `instrument'
  actionview (4.2.0) lib/action_view/template.rb:333:in `instrument'
  actionview (4.2.0) lib/action_view/template.rb:143:in `render'
  actionview (4.2.0) lib/action_view/renderer/partial_renderer.rb:339:in `render_partial'
  actionview (4.2.0) lib/action_view/renderer/partial_renderer.rb:310:in `block in render'
  actionview (4.2.0) lib/action_view/renderer/abstract_renderer.rb:39:in `block in instrument'
  activesupport (4.2.0) lib/active_support/notifications.rb:164:in `block in instrument'
  activesupport (4.2.0) lib/active_support/notifications/instrumenter.rb:20:in `instrument'
  activesupport (4.2.0) lib/active_support/notifications.rb:164:in `instrument'
  actionview (4.2.0) lib/action_view/renderer/abstract_renderer.rb:39:in `instrument'
  actionview (4.2.0) lib/action_view/renderer/partial_renderer.rb:309:in `render'
  actionview (4.2.0) lib/action_view/renderer/renderer.rb:47:in `render_partial'
  actionview (4.2.0) lib/action_view/helpers/rendering_helper.rb:35:in `render'
  app/views/posts/new.html.erb:3:in `_app_views_posts_new_html_erb___4448267429214183888_70243797754860'
  actionview (4.2.0) lib/action_view/template.rb:145:in `block in render'
  activesupport (4.2.0) lib/active_support/notifications.rb:166:in `instrument'
  actionview (4.2.0) lib/action_view/template.rb:333:in `instrument'
  actionview (4.2.0) lib/action_view/template.rb:143:in `render'
  actionview (4.2.0) lib/action_view/renderer/template_renderer.rb:54:in `block (2 levels) in render_template'
  actionview (4.2.0) lib/action_view/renderer/abstract_renderer.rb:39:in `block in instrument'
  activesupport (4.2.0) lib/active_support/notifications.rb:164:in `block in instrument'
  activesupport (4.2.0) lib/active_support/notifications/instrumenter.rb:20:in `instrument'
  activesupport (4.2.0) lib/active_support/notifications.rb:164:in `instrument'
  actionview (4.2.0) lib/action_view/renderer/abstract_renderer.rb:39:in `instrument'
  actionview (4.2.0) lib/action_view/renderer/template_renderer.rb:53:in `block in render_template'
  actionview (4.2.0) lib/action_view/renderer/template_renderer.rb:61:in `render_with_layout'
  actionview (4.2.0) lib/action_view/renderer/template_renderer.rb:52:in `render_template'
  actionview (4.2.0) lib/action_view/renderer/template_renderer.rb:14:in `render'
  actionview (4.2.0) lib/action_view/renderer/renderer.rb:42:in `render_template'
  actionview (4.2.0) lib/action_view/renderer/renderer.rb:23:in `render'
  actionview (4.2.0) lib/action_view/rendering.rb:100:in `_render_template'
  actionpack (4.2.0) lib/action_controller/metal/streaming.rb:217:in `_render_template'
  actionview (4.2.0) lib/action_view/rendering.rb:83:in `render_to_body'
  actionpack (4.2.0) lib/action_controller/metal/rendering.rb:32:in `render_to_body'
  actionpack (4.2.0) lib/action_controller/metal/renderers.rb:37:in `render_to_body'
  actionpack (4.2.0) lib/abstract_controller/rendering.rb:25:in `render'
  actionpack (4.2.0) lib/action_controller/metal/rendering.rb:16:in `render'
  actionpack (4.2.0) lib/action_controller/metal/instrumentation.rb:41:in `block (2 levels) in render'
  activesupport (4.2.0) lib/active_support/core_ext/benchmark.rb:12:in `block in ms'
  /Users/Niki/.rvm/rubies/ruby-2.2.2/lib/ruby/2.2.0/benchmark.rb:303:in `realtime'
  activesupport (4.2.0) lib/active_support/core_ext/benchmark.rb:12:in `ms'
  actionpack (4.2.0) lib/action_controller/metal/instrumentation.rb:41:in `block in render'
  actionpack (4.2.0) lib/action_controller/metal/instrumentation.rb:84:in `cleanup_view_runtime'
  activerecord (4.2.0) lib/active_record/railties/controller_runtime.rb:25:in `cleanup_view_runtime'
  actionpack (4.2.0) lib/action_controller/metal/instrumentation.rb:40:in `render'
  actionpack (4.2.0) lib/action_controller/metal/implicit_render.rb:10:in `default_render'
  actionpack (4.2.0) lib/action_controller/metal/implicit_render.rb:5:in `send_action'
  actionpack (4.2.0) lib/abstract_controller/base.rb:198:in `process_action'
  actionpack (4.2.0) lib/action_controller/metal/rendering.rb:10:in `process_action'
  actionpack (4.2.0) lib/abstract_controller/callbacks.rb:20:in `block in process_action'
  activesupport (4.2.0) lib/active_support/callbacks.rb:117:in `call'
  activesupport (4.2.0) lib/active_support/callbacks.rb:151:in `block in halting_and_conditional'
  activesupport (4.2.0) lib/active_support/callbacks.rb:234:in `block in halting'
  activesupport (4.2.0) lib/active_support/callbacks.rb:169:in `block in halting'
  activesupport (4.2.0) lib/active_support/callbacks.rb:92:in `_run_callbacks'
  activesupport (4.2.0) lib/active_support/callbacks.rb:734:in `_run_process_action_callbacks'
  activesupport (4.2.0) lib/active_support/callbacks.rb:81:in `run_callbacks'
  actionpack (4.2.0) lib/abstract_controller/callbacks.rb:19:in `process_action'
  actionpack (4.2.0) lib/action_controller/metal/rescue.rb:29:in `process_action'
  actionpack (4.2.0) lib/action_controller/metal/instrumentation.rb:31:in `block in process_action'
  activesupport (4.2.0) lib/active_support/notifications.rb:164:in `block in instrument'
  activesupport (4.2.0) lib/active_support/notifications/instrumenter.rb:20:in `instrument'
  activesupport (4.2.0) lib/active_support/notifications.rb:164:in `instrument'
  actionpack (4.2.0) lib/action_controller/metal/instrumentation.rb:30:in `process_action'
  actionpack (4.2.0) lib/action_controller/metal/params_wrapper.rb:250:in `process_action'
  activerecord (4.2.0) lib/active_record/railties/controller_runtime.rb:18:in `process_action'
  actionpack (4.2.0) lib/abstract_controller/base.rb:137:in `process'
  actionview (4.2.0) lib/action_view/rendering.rb:30:in `process'
  actionpack (4.2.0) lib/action_controller/metal.rb:195:in `dispatch'
  actionpack (4.2.0) lib/action_controller/metal/rack_delegation.rb:13:in `dispatch'
  actionpack (4.2.0) lib/action_controller/metal.rb:236:in `block in action'
  actionpack (4.2.0) lib/action_dispatch/routing/route_set.rb:73:in `dispatch'
  actionpack (4.2.0) lib/action_dispatch/routing/route_set.rb:42:in `serve'
  actionpack (4.2.0) lib/action_dispatch/journey/router.rb:43:in `block in serve'
  actionpack (4.2.0) lib/action_dispatch/journey/router.rb:30:in `serve'
  actionpack (4.2.0) lib/action_dispatch/routing/route_set.rb:802:in `call'
  rack (1.6.0) lib/rack/etag.rb:24:in `call'
  rack (1.6.0) lib/rack/conditionalget.rb:25:in `call'
  rack (1.6.0) lib/rack/head.rb:13:in `call'
  actionpack (4.2.0) lib/action_dispatch/middleware/params_parser.rb:27:in `call'
  actionpack (4.2.0) lib/action_dispatch/middleware/flash.rb:260:in `call'
  rack (1.6.0) lib/rack/session/abstract/id.rb:225:in `context'
  rack (1.6.0) lib/rack/session/abstract/id.rb:220:in `call'
  actionpack (4.2.0) lib/action_dispatch/middleware/cookies.rb:560:in `call'
  activerecord (4.2.0) lib/active_record/query_cache.rb:36:in `call'
  activerecord (4.2.0) lib/active_record/connection_adapters/abstract/connection_pool.rb:647:in `call'
  activerecord (4.2.0) lib/active_record/migration.rb:378:in `call'
  actionpack (4.2.0) lib/action_dispatch/middleware/callbacks.rb:29:in `block in call'
  activesupport (4.2.0) lib/active_support/callbacks.rb:88:in `_run_callbacks'
  activesupport (4.2.0) lib/active_support/callbacks.rb:734:in `_run_call_callbacks'
  activesupport (4.2.0) lib/active_support/callbacks.rb:81:in `run_callbacks'
  actionpack (4.2.0) lib/action_dispatch/middleware/callbacks.rb:27:in `call'
  actionpack (4.2.0) lib/action_dispatch/middleware/reloader.rb:73:in `call'
  actionpack (4.2.0) lib/action_dispatch/middleware/remote_ip.rb:78:in `call'
  better_errors (2.1.1) lib/better_errors/middleware.rb:84:in `protected_app_call'
  better_errors (2.1.1) lib/better_errors/middleware.rb:79:in `better_errors_call'
  better_errors (2.1.1) lib/better_errors/middleware.rb:57:in `call'
  actionpack (4.2.0) lib/action_dispatch/middleware/debug_exceptions.rb:17:in `call'
  actionpack (4.2.0) lib/action_dispatch/middleware/show_exceptions.rb:30:in `call'
  railties (4.2.0) lib/rails/rack/logger.rb:38:in `call_app'
  railties (4.2.0) lib/rails/rack/logger.rb:20:in `block in call'
  activesupport (4.2.0) lib/active_support/tagged_logging.rb:68:in `block in tagged'
  activesupport (4.2.0) lib/active_support/tagged_logging.rb:26:in `tagged'
  activesupport (4.2.0) lib/active_support/tagged_logging.rb:68:in `tagged'
  railties (4.2.0) lib/rails/rack/logger.rb:20:in `call'
  actionpack (4.2.0) lib/action_dispatch/middleware/request_id.rb:21:in `call'
  rack (1.6.0) lib/rack/methodoverride.rb:22:in `call'
  rack (1.6.0) lib/rack/runtime.rb:18:in `call'
  activesupport (4.2.0) lib/active_support/cache/strategy/local_cache_middleware.rb:28:in `call'
  rack (1.6.0) lib/rack/lock.rb:17:in `call'
  actionpack (4.2.0) lib/action_dispatch/middleware/static.rb:113:in `call'
  rack (1.6.0) lib/rack/sendfile.rb:113:in `call'
  railties (4.2.0) lib/rails/engine.rb:518:in `call'
  railties (4.2.0) lib/rails/application.rb:164:in `call'
  rack (1.6.0) lib/rack/lock.rb:17:in `call'
  rack (1.6.0) lib/rack/content_length.rb:15:in `call'
  rack (1.6.0) lib/rack/handler/webrick.rb:89:in `service'
  /Users/Niki/.rvm/rubies/ruby-2.2.2/lib/ruby/2.2.0/webrick/httpserver.rb:138:in `service'
  /Users/Niki/.rvm/rubies/ruby-2.2.2/lib/ruby/2.2.0/webrick/httpserver.rb:94:in `run'
  /Users/Niki/.rvm/rubies/ruby-2.2.2/lib/ruby/2.2.0/webrick/server.rb:294:in `block in start_thread'



Started POST "/__better_errors/11f1fd2758f470de/variables" for ::1 at 2015-08-31 18:44:05 -0400
  [1m[35mTag Load (0.2ms)[0m  SELECT "tags".* FROM "tags"


Started GET "/posts/new" for ::1 at 2015-08-31 18:44:22 -0400
Processing by PostsController#new as HTML
  Rendered posts/_form.html.erb (4.9ms)
  Rendered posts/new.html.erb within layouts/application (6.0ms)
Completed 500 Internal Server Error in 9ms

ArgumentError - wrong number of arguments (1 for 4..6):
  app/views/posts/_form.html.erb:27:in `block in _app_views_posts__form_html_erb__1512692097618331380_70243799214340'
  actionview (4.2.0) lib/action_view/helpers/capture_helper.rb:38:in `block in capture'
  actionview (4.2.0) lib/action_view/helpers/capture_helper.rb:200:in `with_output_buffer'
  actionview (4.2.0) lib/action_view/helpers/capture_helper.rb:38:in `capture'
  actionview (4.2.0) lib/action_view/helpers/form_helper.rb:444:in `form_for'
  app/views/posts/_form.html.erb:1:in `_app_views_posts__form_html_erb__1512692097618331380_70243799214340'
  actionview (4.2.0) lib/action_view/template.rb:145:in `block in render'
  activesupport (4.2.0) lib/active_support/notifications.rb:166:in `instrument'
  actionview (4.2.0) lib/action_view/template.rb:333:in `instrument'
  actionview (4.2.0) lib/action_view/template.rb:143:in `render'
  actionview (4.2.0) lib/action_view/renderer/partial_renderer.rb:339:in `render_partial'
  actionview (4.2.0) lib/action_view/renderer/partial_renderer.rb:310:in `block in render'
  actionview (4.2.0) lib/action_view/renderer/abstract_renderer.rb:39:in `block in instrument'
  activesupport (4.2.0) lib/active_support/notifications.rb:164:in `block in instrument'
  activesupport (4.2.0) lib/active_support/notifications/instrumenter.rb:20:in `instrument'
  activesupport (4.2.0) lib/active_support/notifications.rb:164:in `instrument'
  actionview (4.2.0) lib/action_view/renderer/abstract_renderer.rb:39:in `instrument'
  actionview (4.2.0) lib/action_view/renderer/partial_renderer.rb:309:in `render'
  actionview (4.2.0) lib/action_view/renderer/renderer.rb:47:in `render_partial'
  actionview (4.2.0) lib/action_view/helpers/rendering_helper.rb:35:in `render'
  app/views/posts/new.html.erb:3:in `_app_views_posts_new_html_erb___4448267429214183888_70243797754860'
  actionview (4.2.0) lib/action_view/template.rb:145:in `block in render'
  activesupport (4.2.0) lib/active_support/notifications.rb:166:in `instrument'
  actionview (4.2.0) lib/action_view/template.rb:333:in `instrument'
  actionview (4.2.0) lib/action_view/template.rb:143:in `render'
  actionview (4.2.0) lib/action_view/renderer/template_renderer.rb:54:in `block (2 levels) in render_template'
  actionview (4.2.0) lib/action_view/renderer/abstract_renderer.rb:39:in `block in instrument'
  activesupport (4.2.0) lib/active_support/notifications.rb:164:in `block in instrument'
  activesupport (4.2.0) lib/active_support/notifications/instrumenter.rb:20:in `instrument'
  activesupport (4.2.0) lib/active_support/notifications.rb:164:in `instrument'
  actionview (4.2.0) lib/action_view/renderer/abstract_renderer.rb:39:in `instrument'
  actionview (4.2.0) lib/action_view/renderer/template_renderer.rb:53:in `block in render_template'
  actionview (4.2.0) lib/action_view/renderer/template_renderer.rb:61:in `render_with_layout'
  actionview (4.2.0) lib/action_view/renderer/template_renderer.rb:52:in `render_template'
  actionview (4.2.0) lib/action_view/renderer/template_renderer.rb:14:in `render'
  actionview (4.2.0) lib/action_view/renderer/renderer.rb:42:in `render_template'
  actionview (4.2.0) lib/action_view/renderer/renderer.rb:23:in `render'
  actionview (4.2.0) lib/action_view/rendering.rb:100:in `_render_template'
  actionpack (4.2.0) lib/action_controller/metal/streaming.rb:217:in `_render_template'
  actionview (4.2.0) lib/action_view/rendering.rb:83:in `render_to_body'
  actionpack (4.2.0) lib/action_controller/metal/rendering.rb:32:in `render_to_body'
  actionpack (4.2.0) lib/action_controller/metal/renderers.rb:37:in `render_to_body'
  actionpack (4.2.0) lib/abstract_controller/rendering.rb:25:in `render'
  actionpack (4.2.0) lib/action_controller/metal/rendering.rb:16:in `render'
  actionpack (4.2.0) lib/action_controller/metal/instrumentation.rb:41:in `block (2 levels) in render'
  activesupport (4.2.0) lib/active_support/core_ext/benchmark.rb:12:in `block in ms'
  /Users/Niki/.rvm/rubies/ruby-2.2.2/lib/ruby/2.2.0/benchmark.rb:303:in `realtime'
  activesupport (4.2.0) lib/active_support/core_ext/benchmark.rb:12:in `ms'
  actionpack (4.2.0) lib/action_controller/metal/instrumentation.rb:41:in `block in render'
  actionpack (4.2.0) lib/action_controller/metal/instrumentation.rb:84:in `cleanup_view_runtime'
  activerecord (4.2.0) lib/active_record/railties/controller_runtime.rb:25:in `cleanup_view_runtime'
  actionpack (4.2.0) lib/action_controller/metal/instrumentation.rb:40:in `render'
  actionpack (4.2.0) lib/action_controller/metal/implicit_render.rb:10:in `default_render'
  actionpack (4.2.0) lib/action_controller/metal/implicit_render.rb:5:in `send_action'
  actionpack (4.2.0) lib/abstract_controller/base.rb:198:in `process_action'
  actionpack (4.2.0) lib/action_controller/metal/rendering.rb:10:in `process_action'
  actionpack (4.2.0) lib/abstract_controller/callbacks.rb:20:in `block in process_action'
  activesupport (4.2.0) lib/active_support/callbacks.rb:117:in `call'
  activesupport (4.2.0) lib/active_support/callbacks.rb:151:in `block in halting_and_conditional'
  activesupport (4.2.0) lib/active_support/callbacks.rb:234:in `block in halting'
  activesupport (4.2.0) lib/active_support/callbacks.rb:169:in `block in halting'
  activesupport (4.2.0) lib/active_support/callbacks.rb:92:in `_run_callbacks'
  activesupport (4.2.0) lib/active_support/callbacks.rb:734:in `_run_process_action_callbacks'
  activesupport (4.2.0) lib/active_support/callbacks.rb:81:in `run_callbacks'
  actionpack (4.2.0) lib/abstract_controller/callbacks.rb:19:in `process_action'
  actionpack (4.2.0) lib/action_controller/metal/rescue.rb:29:in `process_action'
  actionpack (4.2.0) lib/action_controller/metal/instrumentation.rb:31:in `block in process_action'
  activesupport (4.2.0) lib/active_support/notifications.rb:164:in `block in instrument'
  activesupport (4.2.0) lib/active_support/notifications/instrumenter.rb:20:in `instrument'
  activesupport (4.2.0) lib/active_support/notifications.rb:164:in `instrument'
  actionpack (4.2.0) lib/action_controller/metal/instrumentation.rb:30:in `process_action'
  actionpack (4.2.0) lib/action_controller/metal/params_wrapper.rb:250:in `process_action'
  activerecord (4.2.0) lib/active_record/railties/controller_runtime.rb:18:in `process_action'
  actionpack (4.2.0) lib/abstract_controller/base.rb:137:in `process'
  actionview (4.2.0) lib/action_view/rendering.rb:30:in `process'
  actionpack (4.2.0) lib/action_controller/metal.rb:195:in `dispatch'
  actionpack (4.2.0) lib/action_controller/metal/rack_delegation.rb:13:in `dispatch'
  actionpack (4.2.0) lib/action_controller/metal.rb:236:in `block in action'
  actionpack (4.2.0) lib/action_dispatch/routing/route_set.rb:73:in `dispatch'
  actionpack (4.2.0) lib/action_dispatch/routing/route_set.rb:42:in `serve'
  actionpack (4.2.0) lib/action_dispatch/journey/router.rb:43:in `block in serve'
  actionpack (4.2.0) lib/action_dispatch/journey/router.rb:30:in `serve'
  actionpack (4.2.0) lib/action_dispatch/routing/route_set.rb:802:in `call'
  rack (1.6.0) lib/rack/etag.rb:24:in `call'
  rack (1.6.0) lib/rack/conditionalget.rb:25:in `call'
  rack (1.6.0) lib/rack/head.rb:13:in `call'
  actionpack (4.2.0) lib/action_dispatch/middleware/params_parser.rb:27:in `call'
  actionpack (4.2.0) lib/action_dispatch/middleware/flash.rb:260:in `call'
  rack (1.6.0) lib/rack/session/abstract/id.rb:225:in `context'
  rack (1.6.0) lib/rack/session/abstract/id.rb:220:in `call'
  actionpack (4.2.0) lib/action_dispatch/middleware/cookies.rb:560:in `call'
  activerecord (4.2.0) lib/active_record/query_cache.rb:36:in `call'
  activerecord (4.2.0) lib/active_record/connection_adapters/abstract/connection_pool.rb:647:in `call'
  activerecord (4.2.0) lib/active_record/migration.rb:378:in `call'
  actionpack (4.2.0) lib/action_dispatch/middleware/callbacks.rb:29:in `block in call'
  activesupport (4.2.0) lib/active_support/callbacks.rb:88:in `_run_callbacks'
  activesupport (4.2.0) lib/active_support/callbacks.rb:734:in `_run_call_callbacks'
  activesupport (4.2.0) lib/active_support/callbacks.rb:81:in `run_callbacks'
  actionpack (4.2.0) lib/action_dispatch/middleware/callbacks.rb:27:in `call'
  actionpack (4.2.0) lib/action_dispatch/middleware/reloader.rb:73:in `call'
  actionpack (4.2.0) lib/action_dispatch/middleware/remote_ip.rb:78:in `call'
  better_errors (2.1.1) lib/better_errors/middleware.rb:84:in `protected_app_call'
  better_errors (2.1.1) lib/better_errors/middleware.rb:79:in `better_errors_call'
  better_errors (2.1.1) lib/better_errors/middleware.rb:57:in `call'
  actionpack (4.2.0) lib/action_dispatch/middleware/debug_exceptions.rb:17:in `call'
  actionpack (4.2.0) lib/action_dispatch/middleware/show_exceptions.rb:30:in `call'
  railties (4.2.0) lib/rails/rack/logger.rb:38:in `call_app'
  railties (4.2.0) lib/rails/rack/logger.rb:20:in `block in call'
  activesupport (4.2.0) lib/active_support/tagged_logging.rb:68:in `block in tagged'
  activesupport (4.2.0) lib/active_support/tagged_logging.rb:26:in `tagged'
  activesupport (4.2.0) lib/active_support/tagged_logging.rb:68:in `tagged'
  railties (4.2.0) lib/rails/rack/logger.rb:20:in `call'
  actionpack (4.2.0) lib/action_dispatch/middleware/request_id.rb:21:in `call'
  rack (1.6.0) lib/rack/methodoverride.rb:22:in `call'
  rack (1.6.0) lib/rack/runtime.rb:18:in `call'
  activesupport (4.2.0) lib/active_support/cache/strategy/local_cache_middleware.rb:28:in `call'
  rack (1.6.0) lib/rack/lock.rb:17:in `call'
  actionpack (4.2.0) lib/action_dispatch/middleware/static.rb:113:in `call'
  rack (1.6.0) lib/rack/sendfile.rb:113:in `call'
  railties (4.2.0) lib/rails/engine.rb:518:in `call'
  railties (4.2.0) lib/rails/application.rb:164:in `call'
  rack (1.6.0) lib/rack/lock.rb:17:in `call'
  rack (1.6.0) lib/rack/content_length.rb:15:in `call'
  rack (1.6.0) lib/rack/handler/webrick.rb:89:in `service'
  /Users/Niki/.rvm/rubies/ruby-2.2.2/lib/ruby/2.2.0/webrick/httpserver.rb:138:in `service'
  /Users/Niki/.rvm/rubies/ruby-2.2.2/lib/ruby/2.2.0/webrick/httpserver.rb:94:in `run'
  /Users/Niki/.rvm/rubies/ruby-2.2.2/lib/ruby/2.2.0/webrick/server.rb:294:in `block in start_thread'



Started POST "/__better_errors/d2b42cbe283ce66a/variables" for ::1 at 2015-08-31 18:44:22 -0400
  [1m[36mTag Load (0.2ms)[0m  [1mSELECT "tags".* FROM "tags"[0m


Started GET "/posts/new" for ::1 at 2015-08-31 18:45:39 -0400
Processing by PostsController#new as HTML
  [1m[35mTag Load (0.3ms)[0m  SELECT "tags".* FROM "tags"
  Rendered posts/_form.html.erb (6.4ms)
  Rendered posts/new.html.erb within layouts/application (7.4ms)
Completed 200 OK in 15ms (Views: 14.4ms | ActiveRecord: 0.3ms)


Started GET "/assets/application.css?body=1" for ::1 at 2015-08-31 18:45:39 -0400


Started GET "/assets/posts.css?body=1" for ::1 at 2015-08-31 18:45:39 -0400


Started GET "/assets/jquery_ujs.js?body=1" for ::1 at 2015-08-31 18:45:39 -0400


Started GET "/assets/scaffolds.css?body=1" for ::1 at 2015-08-31 18:45:39 -0400


Started GET "/assets/tags.css?body=1" for ::1 at 2015-08-31 18:45:39 -0400


Started GET "/assets/posts.js?body=1" for ::1 at 2015-08-31 18:45:39 -0400


Started GET "/assets/users.css?body=1" for ::1 at 2015-08-31 18:45:39 -0400


Started GET "/assets/jquery.js?body=1" for ::1 at 2015-08-31 18:45:39 -0400


Started GET "/assets/tags.js?body=1" for ::1 at 2015-08-31 18:45:39 -0400


Started GET "/assets/users.js?body=1" for ::1 at 2015-08-31 18:45:39 -0400


Started GET "/assets/application.js?body=1" for ::1 at 2015-08-31 18:45:39 -0400
